#
# There is insufficient memory for the Java Runtime Environment to continue.
# Native memory allocation (malloc) failed to allocate 32744 bytes for ChunkPool::allocate
# Possible reasons:
#   The system is out of physical RAM or swap space
#   In 32 bit mode, the process size limit was hit
# Possible solutions:
#   Reduce memory load on the system
#   Increase physical memory or swap space
#   Check if swap backing store is full
#   Use 64 bit Java on a 64 bit OS
#   Decrease Java heap size (-Xmx/-Xms)
#   Decrease number of Java threads
#   Decrease Java thread stack sizes (-Xss)
#   Set larger code cache with -XX:ReservedCodeCacheSize=
# This output file may be truncated or incomplete.
#
#  Out of Memory Error (allocation.cpp:273), pid=1312, tid=0x0000000000001158
#
# JRE version: OpenJDK Runtime Environment (8.0_76-b03) (build 1.8.0_76-release-b03)
# Java VM: OpenJDK 64-Bit Server VM (25.76-b03 mixed mode windows-amd64 compressed oops)
# Failed to write core dump. Minidumps are not enabled by default on client versions of Windows
#

---------------  T H R E A D  ---------------

Current thread (0x0000000057494000):  JavaThread "C2 CompilerThread0" daemon [_thread_in_native, id=4440, stack(0x0000000057b50000,0x0000000057c50000)]

Stack: [0x0000000057b50000,0x0000000057c50000]
[error occurred during error reporting (printing stack bounds), id 0xc0000005]

Native frames: (J=compiled Java code, j=interpreted, Vv=VM code, C=native code)


Current CompileTask:
C2: 668592 15162       4       java.io.WinNTFileSystem::canonicalize (372 bytes)


---------------  P R O C E S S  ---------------

Java Threads: ( => current thread )
  0x000000005c380800 JavaThread "Stdin handler" [_thread_blocked, id=4940, stack(0x0000000063120000,0x0000000063220000)]
  0x000000005c384800 JavaThread "Asynchronous log dispatcher for org.gradle.launcher.daemon.server.DefaultDaemonConnection@291898fc" [_thread_blocked, id=4600, stack(0x000000005fc30000,0x000000005fd30000)]
  0x000000005daff000 JavaThread "Cancel handler" [_thread_blocked, id=4264, stack(0x000000005a430000,0x000000005a530000)]
  0x000000005dafe000 JavaThread "Handler for socket connection from /127.0.0.1:63332 to /127.0.0.1:51503" [_thread_in_native, id=2348, stack(0x0000000058c70000,0x0000000058d70000)]
  0x000000005c381800 JavaThread "pool-7-thread-4" [_thread_blocked, id=4716, stack(0x0000000062bb0000,0x0000000062cb0000)]
  0x000000005db04000 JavaThread "pool-7-thread-3" [_thread_blocked, id=2600, stack(0x0000000063b30000,0x0000000063c30000)]
  0x000000005db00800 JavaThread "Daemon worker Thread 2" [_thread_in_native, id=3476, stack(0x000000005a630000,0x000000005a730000)]
  0x000000005dafa800 JavaThread "Daemon Thread 2" [_thread_blocked, id=3844, stack(0x000000005a2f0000,0x000000005a3f0000)]
  0x000000005dafd800 JavaThread "pool-7-thread-2" [_thread_blocked, id=2692, stack(0x0000000063000000,0x0000000063100000)]
  0x000000005dafc800 JavaThread "pool-7-thread-1" [_thread_blocked, id=2384, stack(0x0000000062cb0000,0x0000000062db0000)]
  0x000000005daf7800 JavaThread "pool-2-thread-1" [_thread_blocked, id=3740, stack(0x000000005a760000,0x000000005a860000)]
  0x000000005daf6000 JavaThread "File lock request listener" [_thread_in_native, id=5084, stack(0x000000005e620000,0x000000005e720000)]
  0x00000000593db000 JavaThread "pool-1-thread-1" [_thread_blocked, id=3516, stack(0x000000005a0d0000,0x000000005a1d0000)]
  0x00000000594f0800 JavaThread "Incoming local TCP Connector on port 63332" [_thread_in_native, id=4060, stack(0x0000000057a50000,0x0000000057b50000)]
  0x0000000057504800 JavaThread "Service Thread" daemon [_thread_blocked, id=188, stack(0x0000000058070000,0x0000000058170000)]
  0x00000000574eb000 JavaThread "C1 CompilerThread2" daemon [_thread_blocked, id=1456, stack(0x0000000057e90000,0x0000000057f90000)]
  0x000000005749e800 JavaThread "C2 CompilerThread1" daemon [_thread_in_native, id=1112, stack(0x0000000057cf0000,0x0000000057df0000)]
=>0x0000000057494000 JavaThread "C2 CompilerThread0" daemon [_thread_in_native, id=4440, stack(0x0000000057b50000,0x0000000057c50000)]
  0x0000000057491000 JavaThread "Attach Listener" daemon [_thread_blocked, id=4876, stack(0x0000000057930000,0x0000000057a30000)]
  0x0000000057490800 JavaThread "Signal Dispatcher" daemon [_thread_blocked, id=4000, stack(0x0000000057010000,0x0000000057110000)]
  0x00000000560b8800 JavaThread "Finalizer" daemon [_thread_blocked, id=4896, stack(0x0000000057390000,0x0000000057490000)]
  0x0000000056071800 JavaThread "Reference Handler" daemon [_thread_blocked, id=4476, stack(0x0000000057190000,0x0000000057290000)]
  0x0000000001ead800 JavaThread "main" [_thread_blocked, id=4892, stack(0x00000000020a0000,0x00000000021a0000)]

Other Threads:
  0x000000005606a000 VMThread [stack: 0x0000000056ec0000,0x0000000056fc0000] [id=3664]
  0x0000000057508000 WatcherThread [stack: 0x00000000582f0000,0x00000000583f0000] [id=2604]

VM state:not at safepoint (normal execution)

VM Mutex/Monitor currently owned by a thread: None

Heap:
 PSYoungGen      total 410112K, used 17872K [0x00000000e0000000, 0x00000000faf80000, 0x0000000100000000)
  eden space 388608K, 4% used [0x00000000e0000000,0x00000000e1174138,0x00000000f7b80000)
  from space 21504K, 0% used [0x00000000f9a80000,0x00000000f9a80000,0x00000000faf80000)
  to   space 25088K, 0% used [0x00000000f7e80000,0x00000000f7e80000,0x00000000f9700000)
 ParOldGen       total 141312K, used 35121K [0x00000000a0000000, 0x00000000a8a00000, 0x00000000e0000000)
  object space 141312K, 24% used [0x00000000a0000000,0x00000000a224c708,0x00000000a8a00000)
 Metaspace       used 66884K, capacity 68832K, committed 68992K, reserved 1110016K
  class space    used 8366K, capacity 8745K, committed 8832K, reserved 1048576K

Card table byte_map: [0x0000000011830000,0x0000000011b40000] byte_map_base: 0x0000000011330000

Marking Bits: (ParMarkBitMap*) 0x00000000709e9d00
 Begin Bits: [0x00000000123e0000, 0x0000000013be0000)
 End Bits:   [0x0000000013be0000, 0x00000000153e0000)

Polling page: 0x0000000000310000

CodeCache: size=245760Kb used=42172Kb max_used=44695Kb free=203587Kb
 bounds [0x0000000002470000, 0x0000000005060000, 0x0000000011470000]
 total_blobs=12884 nmethods=12133 adapters=663
 compilation: enabled

Compilation events (10 events):
Event: 668.247 Thread 0x000000005749e800 15170       4       java.util.Arrays::rangeCheck (74 bytes)
Event: 668.247 Thread 0x00000000574eb000 nmethod 15167 0x0000000004823e10 code [0x0000000004823fe0, 0x00000000048246b8]
Event: 668.247 Thread 0x000000005749e800 nmethod 15170 0x00000000030f9810 code [0x00000000030f9940, 0x00000000030f99d8]
Event: 668.248 Thread 0x00000000574eb000 15168       3       java.util.concurrent.ConcurrentHashMap::sumCount (48 bytes)
Event: 668.248 Thread 0x00000000574eb000 nmethod 15168 0x0000000004189d10 code [0x0000000004189e80, 0x000000000418a130]
Event: 668.248 Thread 0x00000000574eb000 15169       3       java.text.SimpleDateFormat::initialize (84 bytes)
Event: 668.250 Thread 0x00000000574eb000 nmethod 15169 0x0000000003b866d0 code [0x0000000003b869a0, 0x0000000003b87f18]
Event: 668.316 Thread 0x00000000574eb000 15171       1       org.gradle.cache.internal.DefaultFileLockManager$DefaultFileLock::access$600 (5 bytes)
Event: 668.317 Thread 0x00000000574eb000 nmethod 15171 0x0000000004f48110 code [0x0000000004f48260, 0x0000000004f48350]
Event: 668.342 Thread 0x000000005749e800 15172       4       java.math.MutableBigInteger::getMagnitudeArray (45 bytes)

GC Heap History (10 events):
Event: 600.257 GC heap before
{Heap before GC invocations=15 (full 4):
 PSYoungGen      total 335360K, used 312832K [0x00000000e0000000, 0x00000000f6400000, 0x0000000100000000)
  eden space 312832K, 100% used [0x00000000e0000000,0x00000000f3180000,0x00000000f3180000)
  from space 22528K, 0% used [0x00000000f4780000,0x00000000f4780000,0x00000000f5d80000)
  to   space 22528K, 0% used [0x00000000f3180000,0x00000000f3180000,0x00000000f4780000)
 ParOldGen       total 141312K, used 36020K [0x00000000a0000000, 0x00000000a8a00000, 0x00000000e0000000)
  object space 141312K, 25% used [0x00000000a0000000,0x00000000a232d050,0x00000000a8a00000)
 Metaspace       used 63677K, capacity 65558K, committed 65664K, reserved 1105920K
  class space    used 8109K, capacity 8484K, committed 8576K, reserved 1048576K
Event: 600.275 GC heap after
Heap after GC invocations=15 (full 4):
 PSYoungGen      total 335360K, used 8816K [0x00000000e0000000, 0x00000000faf80000, 0x0000000100000000)
  eden space 312832K, 0% used [0x00000000e0000000,0x00000000e0000000,0x00000000f3180000)
  from space 22528K, 39% used [0x00000000f3180000,0x00000000f3a1c010,0x00000000f4780000)
  to   space 21504K, 0% used [0x00000000f9a80000,0x00000000f9a80000,0x00000000faf80000)
 ParOldGen       total 141312K, used 36028K [0x00000000a0000000, 0x00000000a8a00000, 0x00000000e0000000)
  object space 141312K, 25% used [0x00000000a0000000,0x00000000a232f050,0x00000000a8a00000)
 Metaspace       used 63677K, capacity 65558K, committed 65664K, reserved 1105920K
  class space    used 8109K, capacity 8484K, committed 8576K, reserved 1048576K
}
Event: 618.129 GC heap before
{Heap before GC invocations=16 (full 4):
 PSYoungGen      total 335360K, used 321648K [0x00000000e0000000, 0x00000000faf80000, 0x0000000100000000)
  eden space 312832K, 100% used [0x00000000e0000000,0x00000000f3180000,0x00000000f3180000)
  from space 22528K, 39% used [0x00000000f3180000,0x00000000f3a1c010,0x00000000f4780000)
  to   space 21504K, 0% used [0x00000000f9a80000,0x00000000f9a80000,0x00000000faf80000)
 ParOldGen       total 141312K, used 36028K [0x00000000a0000000, 0x00000000a8a00000, 0x00000000e0000000)
  object space 141312K, 25% used [0x00000000a0000000,0x00000000a232f050,0x00000000a8a00000)
 Metaspace       used 65026K, capacity 66972K, committed 67200K, reserved 1107968K
  class space    used 8165K, capacity 8537K, committed 8576K, reserved 1048576K
Event: 618.196 GC heap after
Heap after GC invocations=16 (full 4):
 PSYoungGen      total 410112K, used 21480K [0x00000000e0000000, 0x00000000faf80000, 0x0000000100000000)
  eden space 388608K, 0% used [0x00000000e0000000,0x00000000e0000000,0x00000000f7b80000)
  from space 21504K, 99% used [0x00000000f9a80000,0x00000000faf7a058,0x00000000faf80000)
  to   space 25088K, 0% used [0x00000000f7e80000,0x00000000f7e80000,0x00000000f9700000)
 ParOldGen       total 141312K, used 38055K [0x00000000a0000000, 0x00000000a8a00000, 0x00000000e0000000)
  object space 141312K, 26% used [0x00000000a0000000,0x00000000a2529cb8,0x00000000a8a00000)
 Metaspace       used 65026K, capacity 66972K, committed 67200K, reserved 1107968K
  class space    used 8165K, capacity 8537K, committed 8576K, reserved 1048576K
}
Event: 623.443 GC heap before
{Heap before GC invocations=17 (full 4):
 PSYoungGen      total 410112K, used 410045K [0x00000000e0000000, 0x00000000faf80000, 0x0000000100000000)
  eden space 388608K, 99% used [0x00000000e0000000,0x00000000f7b756d0,0x00000000f7b80000)
  from space 21504K, 99% used [0x00000000f9a80000,0x00000000faf7a058,0x00000000faf80000)
  to   space 25088K, 0% used [0x00000000f7e80000,0x00000000f7e80000,0x00000000f9700000)
 ParOldGen       total 141312K, used 38055K [0x00000000a0000000, 0x00000000a8a00000, 0x00000000e0000000)
  object space 141312K, 26% used [0x00000000a0000000,0x00000000a2529cb8,0x00000000a8a00000)
 Metaspace       used 66173K, capacity 68186K, committed 68352K, reserved 1110016K
  class space    used 8260K, capacity 8642K, committed 8704K, reserved 1048576K
Event: 623.475 GC heap after
Heap after GC invocations=17 (full 4):
 PSYoungGen      total 413696K, used 14712K [0x00000000e0000000, 0x00000000faf80000, 0x0000000100000000)
  eden space 388608K, 0% used [0x00000000e0000000,0x00000000e0000000,0x00000000f7b80000)
  from space 25088K, 58% used [0x00000000f7e80000,0x00000000f8cde088,0x00000000f9700000)
  to   space 21504K, 0% used [0x00000000f9a80000,0x00000000f9a80000,0x00000000faf80000)
 ParOldGen       total 141312K, used 44699K [0x00000000a0000000, 0x00000000a8a00000, 0x00000000e0000000)
  object space 141312K, 31% used [0x00000000a0000000,0x00000000a2ba6ce8,0x00000000a8a00000)
 Metaspace       used 66173K, capacity 68186K, committed 68352K, reserved 1110016K
  class space    used 8260K, capacity 8642K, committed 8704K, reserved 1048576K
}
Event: 623.977 GC heap before
{Heap before GC invocations=18 (full 4):
 PSYoungGen      total 413696K, used 75415K [0x00000000e0000000, 0x00000000faf80000, 0x0000000100000000)
  eden space 388608K, 15% used [0x00000000e0000000,0x00000000e3b47e80,0x00000000f7b80000)
  from space 25088K, 58% used [0x00000000f7e80000,0x00000000f8cde088,0x00000000f9700000)
  to   space 21504K, 0% used [0x00000000f9a80000,0x00000000f9a80000,0x00000000faf80000)
 ParOldGen       total 141312K, used 44699K [0x00000000a0000000, 0x00000000a8a00000, 0x00000000e0000000)
  object space 141312K, 31% used [0x00000000a0000000,0x00000000a2ba6ce8,0x00000000a8a00000)
 Metaspace       used 66867K, capacity 68814K, committed 68992K, reserved 1110016K
  class space    used 8364K, capacity 8742K, committed 8832K, reserved 1048576K
Event: 623.982 GC heap after
Heap after GC invocations=18 (full 4):
 PSYoungGen      total 410112K, used 1543K [0x00000000e0000000, 0x00000000faf80000, 0x0000000100000000)
  eden space 388608K, 0% used [0x00000000e0000000,0x00000000e0000000,0x00000000f7b80000)
  from space 21504K, 7% used [0x00000000f9a80000,0x00000000f9c01ce0,0x00000000faf80000)
  to   space 25088K, 0% used [0x00000000f7e80000,0x00000000f7e80000,0x00000000f9700000)
 ParOldGen       total 141312K, used 44707K [0x00000000a0000000, 0x00000000a8a00000, 0x00000000e0000000)
  object space 141312K, 31% used [0x00000000a0000000,0x00000000a2ba8ce8,0x00000000a8a00000)
 Metaspace       used 66867K, capacity 68814K, committed 68992K, reserved 1110016K
  class space    used 8364K, capacity 8742K, committed 8832K, reserved 1048576K
}
Event: 623.982 GC heap before
{Heap before GC invocations=19 (full 5):
 PSYoungGen      total 410112K, used 1543K [0x00000000e0000000, 0x00000000faf80000, 0x0000000100000000)
  eden space 388608K, 0% used [0x00000000e0000000,0x00000000e0000000,0x00000000f7b80000)
  from space 21504K, 7% used [0x00000000f9a80000,0x00000000f9c01ce0,0x00000000faf80000)
  to   space 25088K, 0% used [0x00000000f7e80000,0x00000000f7e80000,0x00000000f9700000)
 ParOldGen       total 141312K, used 44707K [0x00000000a0000000, 0x00000000a8a00000, 0x00000000e0000000)
  object space 141312K, 31% used [0x00000000a0000000,0x00000000a2ba8ce8,0x00000000a8a00000)
 Metaspace       used 66867K, capacity 68814K, committed 68992K, reserved 1110016K
  class space    used 8364K, capacity 8742K, committed 8832K, reserved 1048576K
Event: 624.538 GC heap after
Heap after GC invocations=19 (full 5):
 PSYoungGen      total 410112K, used 0K [0x00000000e0000000, 0x00000000faf80000, 0x0000000100000000)
  eden space 388608K, 0% used [0x00000000e0000000,0x00000000e0000000,0x00000000f7b80000)
  from space 21504K, 0% used [0x00000000f9a80000,0x00000000f9a80000,0x00000000faf80000)
  to   space 25088K, 0% used [0x00000000f7e80000,0x00000000f7e80000,0x00000000f9700000)
 ParOldGen       total 141312K, used 35121K [0x00000000a0000000, 0x00000000a8a00000, 0x00000000e0000000)
  object space 141312K, 24% used [0x00000000a0000000,0x00000000a224c708,0x00000000a8a00000)
 Metaspace       used 66867K, capacity 68814K, committed 68992K, reserved 1110016K
  class space    used 8364K, capacity 8742K, committed 8832K, reserved 1048576K
}

Deoptimization events (10 events):
Event: 623.523 Thread 0x000000005c382000 Uncommon trap: reason=class_check action=maybe_recompile pc=0x000000000469fa4c method=java.util.concurrent.LinkedBlockingDeque.pollFirst(JLjava/util/concurrent/TimeUnit;)Ljava/lang/Object; @ 2
Event: 623.546 Thread 0x000000005db00800 Uncommon trap: reason=bimorphic action=maybe_recompile pc=0x0000000002c98748 method=java.io.FilterInputStream.read()I @ 4
Event: 623.546 Thread 0x000000005db00800 Uncommon trap: reason=bimorphic action=maybe_recompile pc=0x0000000002c98748 method=java.io.FilterInputStream.read()I @ 4
Event: 623.546 Thread 0x000000005db00800 Uncommon trap: reason=bimorphic action=maybe_recompile pc=0x0000000002c98748 method=java.io.FilterInputStream.read()I @ 4
Event: 623.546 Thread 0x000000005db00800 Uncommon trap: reason=bimorphic action=maybe_recompile pc=0x0000000002c98748 method=java.io.FilterInputStream.read()I @ 4
Event: 623.594 Thread 0x000000005db00800 Uncommon trap: reason=bimorphic action=maybe_recompile pc=0x0000000002889e68 method=java.util.AbstractList$Itr.next()Ljava/lang/Object; @ 14
Event: 623.618 Thread 0x000000005db00800 Uncommon trap: reason=bimorphic action=maybe_recompile pc=0x0000000002889e68 method=java.util.AbstractList$Itr.next()Ljava/lang/Object; @ 14
Event: 623.700 Thread 0x000000005db00800 Uncommon trap: reason=bimorphic action=maybe_recompile pc=0x0000000002f4b528 method=sun.security.provider.DigestBase.engineUpdate([BII)V @ 128
Event: 623.838 Thread 0x000000005db00800 Uncommon trap: reason=speculate_class_check action=maybe_recompile pc=0x00000000045c28e4 method=com.sun.org.apache.xerces.internal.dom.ParentNode.internalInsertBefore(Lorg/w3c/dom/Node;Lorg/w3c/dom/Node;Z)Lorg/w3c/dom/Node; @ 565
Event: 623.938 Thread 0x000000005db00800 Uncommon trap: reason=speculate_class_check action=maybe_recompile pc=0x00000000045c28e4 method=com.sun.org.apache.xerces.internal.dom.ParentNode.internalInsertBefore(Lorg/w3c/dom/Node;Lorg/w3c/dom/Node;Z)Lorg/w3c/dom/Node; @ 565

Internal exceptions (10 events):
Event: 595.769 Thread 0x000000005db00800 Exception <a 'java/lang/ClassNotFoundException': asLocalRepo761_5ysjtn17anyi4rbwqac77tmqyCustomizer> (0x00000000ec3ebb68) thrown at [C:\src\android\AOSP-openjdk\external\jetbrains\jdk\hotspot\src\share\vm\classfile\systemDictionary.cpp, line 210]
Event: 597.006 Thread 0x000000005db00800 Implicit null exception at 0x000000000364508d to 0x00000000036453f5
Event: 597.006 Thread 0x000000005db00800 Exception <a 'sun/nio/fs/WindowsException'> (0x00000000f0bde008) thrown at [C:\src\android\AOSP-openjdk\external\jetbrains\jdk\hotspot\src\share\vm\prims\jni.cpp, line 709]
Event: 597.006 Thread 0x000000005db00800 Implicit null exception at 0x0000000002921952 to 0x0000000002921af5
Event: 611.482 Thread 0x000000005daf7800 Exception <a 'sun/nio/fs/WindowsException'> (0x00000000e638a3d0) thrown at [C:\src\android\AOSP-openjdk\external\jetbrains\jdk\hotspot\src\share\vm\prims\jni.cpp, line 709]
Event: 617.127 Thread 0x000000005c382000 Implicit null exception at 0x0000000004479292 to 0x0000000004479382
Event: 621.952 Thread 0x000000005c381800 Implicit null exception at 0x00000000034bd01d to 0x00000000034bd40d
Event: 621.952 Thread 0x000000005c381800 Implicit null exception at 0x0000000004189e83 to 0x000000000418a059
Event: 622.257 Thread 0x000000005c381800 Implicit null exception at 0x0000000004fd26a7 to 0x0000000004fd2e21
Event: 665.430 Thread 0x000000005daf7800 Exception <a 'sun/nio/fs/WindowsException'> (0x00000000e03c1cd0) thrown at [C:\src\android\AOSP-openjdk\external\jetbrains\jdk\hotspot\src\share\vm\prims\jni.cpp, line 709]

Events (10 events):
Event: 668.240 Thread 0x00000000574eb000 flushing nmethod 0x0000000004fdcb10
Event: 668.240 Thread 0x00000000574eb000 flushing nmethod 0x0000000004fe2450
Event: 668.240 Thread 0x00000000574eb000 flushing nmethod 0x0000000004fe5e90
Event: 668.240 Thread 0x00000000574eb000 flushing nmethod 0x0000000004fe6310
Event: 668.240 Thread 0x00000000574eb000 flushing nmethod 0x0000000004fe6890
Event: 668.240 Thread 0x00000000574eb000 flushing nmethod 0x0000000004fe8a90
Event: 668.240 Thread 0x00000000574eb000 flushing nmethod 0x0000000004fe8dd0
Event: 668.240 Thread 0x00000000574eb000 flushing nmethod 0x0000000004ff7310
Event: 668.241 Thread 0x000000005c384800 Thread added: 0x000000005c384800
Event: 668.242 Thread 0x000000005c380800 Thread added: 0x000000005c380800


Dynamic libraries:
0x000000013ff80000 - 0x000000013ffb1000 	C:\Program Files\Android\Android Studio\jre\bin\java.exe
0x0000000077100000 - 0x00000000772a9000 	C:\Windows\SYSTEM32\ntdll.dll
0x0000000076fe0000 - 0x00000000770ff000 	C:\Windows\system32\kernel32.dll
0x000007fefcfb0000 - 0x000007fefd01c000 	C:\Windows\system32\KERNELBASE.dll
0x000007feff0c0000 - 0x000007feff19b000 	C:\Windows\system32\ADVAPI32.dll
0x000007fefe4b0000 - 0x000007fefe54f000 	C:\Windows\system32\msvcrt.dll
0x000007feff3f0000 - 0x000007feff40f000 	C:\Windows\SYSTEM32\sechost.dll
0x000007feff2c0000 - 0x000007feff3ed000 	C:\Windows\system32\RPCRT4.dll
0x0000000076ee0000 - 0x0000000076fda000 	C:\Windows\system32\USER32.dll
0x000007fefeb00000 - 0x000007fefeb67000 	C:\Windows\system32\GDI32.dll
0x000007fefefb0000 - 0x000007fefefbe000 	C:\Windows\system32\LPK.dll
0x000007feff1a0000 - 0x000007feff269000 	C:\Windows\system32\USP10.dll
0x000007fefb520000 - 0x000007fefb714000 	C:\Windows\WinSxS\amd64_microsoft.windows.common-controls_6595b64144ccf1df_6.0.7601.18837_none_fa3b1e3d17594757\COMCTL32.dll
0x000007fefe8c0000 - 0x000007fefe931000 	C:\Windows\system32\SHLWAPI.dll
0x000007fefe940000 - 0x000007fefe96e000 	C:\Windows\system32\IMM32.DLL
0x000007fefe970000 - 0x000007fefea79000 	C:\Windows\system32\MSCTF.dll
0x0000000068430000 - 0x0000000068502000 	C:\Program Files\Android\Android Studio\jre\jre\bin\msvcr100.dll
0x0000000070230000 - 0x0000000070a64000 	C:\Program Files\Android\Android Studio\jre\jre\bin\server\jvm.dll
0x000007fef8de0000 - 0x000007fef8de9000 	C:\Windows\system32\WSOCK32.dll
0x000007feff270000 - 0x000007feff2bd000 	C:\Windows\system32\WS2_32.dll
0x000007fefd270000 - 0x000007fefd278000 	C:\Windows\system32\NSI.dll
0x000007fefb4c0000 - 0x000007fefb4fb000 	C:\Windows\system32\WINMM.dll
0x000007fefbfa0000 - 0x000007fefbfac000 	C:\Windows\system32\VERSION.dll
0x00000000772d0000 - 0x00000000772d7000 	C:\Windows\system32\PSAPI.DLL
0x000007fef8d40000 - 0x000007fef8d4f000 	C:\Program Files\Android\Android Studio\jre\jre\bin\verify.dll
0x000007fef8d10000 - 0x000007fef8d39000 	C:\Program Files\Android\Android Studio\jre\jre\bin\java.dll
0x000007fef8cf0000 - 0x000007fef8d06000 	C:\Program Files\Android\Android Studio\jre\jre\bin\zip.dll
0x000007fefd280000 - 0x000007fefe009000 	C:\Windows\system32\SHELL32.dll
0x000007fefe2a0000 - 0x000007fefe4a3000 	C:\Windows\system32\ole32.dll
0x000007fefceb0000 - 0x000007fefcebf000 	C:\Windows\system32\profapi.dll
0x000007fef8cd0000 - 0x000007fef8cea000 	C:\Program Files\Android\Android Studio\jre\jre\bin\net.dll
0x000007fefc720000 - 0x000007fefc775000 	C:\Windows\system32\mswsock.dll
0x000007fefc8b0000 - 0x000007fefc8b7000 	C:\Windows\System32\wship6.dll
0x000007fef8cb0000 - 0x000007fef8cc1000 	C:\Program Files\Android\Android Studio\jre\jre\bin\nio.dll
0x000007fefa7f0000 - 0x000007fefa802000 	C:\Users\DELTA\.gradle\native\19\windows-amd64\native-platform.dll
0x000007fefc880000 - 0x000007fefc898000 	C:\Windows\system32\CRYPTSP.dll
0x000007fefc360000 - 0x000007fefc3a7000 	C:\Windows\system32\rsaenh.dll
0x000007fefd040000 - 0x000007fefd05e000 	C:\Windows\system32\USERENV.dll
0x000007fefcd10000 - 0x000007fefcd1f000 	C:\Windows\system32\CRYPTBASE.dll
0x000007fefa530000 - 0x000007fefa557000 	C:\Windows\system32\IPHLPAPI.DLL
0x000007fefa4f0000 - 0x000007fefa4fb000 	C:\Windows\system32\WINNSI.DLL
0x000007fefa330000 - 0x000007fefa348000 	C:\Windows\system32\dhcpcsvc.DLL
0x000007fefa2f0000 - 0x000007fefa301000 	C:\Windows\system32\dhcpcsvc6.DLL
0x000007fef8a70000 - 0x000007fef8a7d000 	C:\Program Files\Android\Android Studio\jre\jre\bin\management.dll
0x000007fefccb0000 - 0x000007fefcd07000 	C:\Windows\system32\apphelp.dll

VM Arguments:
jvm_args: -Xmx1536m -Dfile.encoding=windows-1255 -Duser.country=IL -Duser.language=iw -Duser.variant 
java_command: org.gradle.launcher.daemon.bootstrap.GradleDaemon 2.14.1
java_class_path (initial): C:\Program Files\Android\Android Studio\gradle\gradle-2.14.1\lib\gradle-launcher-2.14.1.jar
Launcher Type: SUN_STANDARD

Environment Variables:
PATH=C:\ProgramData\Oracle\Java\javapath;C:\Windows\system32;C:\Windows;C:\Windows\System32\Wbem;C:\Windows\System32\WindowsPowerShell\v1.0\;C:\Program Files (x86)\Brackets\command
USERNAME=DELTA
OS=Windows_NT
PROCESSOR_IDENTIFIER=Intel64 Family 6 Model 42 Stepping 7, GenuineIntel



---------------  S Y S T E M  ---------------

OS: Windows 7 , 64 bit Build 7601 (6.1.7601.18939)

CPU:total 4 (2 cores per cpu, 2 threads per core) family 6 model 42 stepping 7, cmov, cx8, fxsr, mmx, sse, sse2, sse3, ssse3, sse4.1, sse4.2, popcnt, avx, aes, clmul, ht, tsc, tscinvbit

Memory: 4k page, physical 8321392k(958500k free), swap 8319552k(5052k free)

vm_info: OpenJDK 64-Bit Server VM (25.76-b03) for windows-amd64 JRE (1.8.0_76-release-b03), built on Jun 29 2016 19:09:20 by "ralucas" with MS VC++ 10.0 (VS2010)

time: Mon Oct 24 15:19:54 2016
elapsed time: 668 seconds (0d 0h 11m 8s)

