#
# There is insufficient memory for the Java Runtime Environment to continue.
# Native memory allocation (malloc) failed to allocate 1066256 bytes for Chunk::new
# Possible reasons:
#   The system is out of physical RAM or swap space
#   In 32 bit mode, the process size limit was hit
# Possible solutions:
#   Reduce memory load on the system
#   Increase physical memory or swap space
#   Check if swap backing store is full
#   Use 64 bit Java on a 64 bit OS
#   Decrease Java heap size (-Xmx/-Xms)
#   Decrease number of Java threads
#   Decrease Java thread stack sizes (-Xss)
#   Set larger code cache with -XX:ReservedCodeCacheSize=
# This output file may be truncated or incomplete.
#
#  Out of Memory Error (allocation.cpp:390), pid=11200, tid=0x0000000000001098
#
# JRE version: OpenJDK Runtime Environment (8.0_112-b06) (build 1.8.0_112-release-b06)
# Java VM: OpenJDK 64-Bit Server VM (25.112-b06 mixed mode windows-amd64 compressed oops)
# Failed to write core dump. Minidumps are not enabled by default on client versions of Windows
#

---------------  T H R E A D  ---------------

Current thread (0x0000000015ceb800):  JavaThread "C2 CompilerThread0" daemon [_thread_in_native, id=4248, stack(0x0000000017320000,0x0000000017420000)]

Stack: [0x0000000017320000,0x0000000017420000]
[error occurred during error reporting (printing stack bounds), id 0xc0000005]

Native frames: (J=compiled Java code, j=interpreted, Vv=VM code, C=native code)


Current CompileTask:
C2: 166448 20007       4       com.android.dx.dex.code.DalvCode::finishProcessingIfNecessary (69 bytes)


---------------  P R O C E S S  ---------------

Java Threads: ( => current thread )
  0x000000001e9b8800 JavaThread "pool-4-thread-1" [_thread_in_Java, id=10356, stack(0x00000000265d0000,0x00000000266d0000)]
  0x000000001df7c000 JavaThread "pool-3-thread-1" [_thread_blocked, id=9592, stack(0x0000000024e00000,0x0000000024f00000)]
  0x000000001e9ba000 JavaThread "Task worker for ':' Thread 3" [_thread_blocked, id=10116, stack(0x0000000024500000,0x0000000024600000)]
  0x000000001e9ba800 JavaThread "Task worker for ':' Thread 2" [_thread_blocked, id=9416, stack(0x0000000024400000,0x0000000024500000)]
  0x000000001e9bb800 JavaThread "Task worker for ':'" [_thread_blocked, id=8316, stack(0x0000000024300000,0x0000000024400000)]
  0x000000001e9b9000 JavaThread "Cache worker for Build Output Cleanup Cache (D:\github1\.gradle\buildOutputCleanup)" [_thread_blocked, id=4232, stack(0x0000000022fb0000,0x00000000230b0000)]
  0x000000001e9b4800 JavaThread "Cache worker for task history cache (D:\github1\.gradle\4.4\taskHistory)" [_thread_blocked, id=9172, stack(0x0000000022eb0000,0x0000000022fb0000)]
  0x000000001e9b7800 JavaThread "Cache worker for file content cache (D:\github1\.gradle\4.4\fileContent)" [_thread_blocked, id=10088, stack(0x0000000022b50000,0x0000000022c50000)]
  0x000000001e9b5800 JavaThread "build operations Thread 4" [_thread_blocked, id=5700, stack(0x0000000022a50000,0x0000000022b50000)]
  0x000000001e9b4000 JavaThread "build operations Thread 3" [_thread_blocked, id=7752, stack(0x0000000022950000,0x0000000022a50000)]
  0x000000001e9b7000 JavaThread "build operations Thread 2" [_thread_blocked, id=5788, stack(0x00000000218d0000,0x00000000219d0000)]
  0x000000001e9b3000 JavaThread "build operations" [_thread_blocked, id=10884, stack(0x0000000021570000,0x0000000021670000)]
  0x000000001e9b6000 JavaThread "Cache worker for Artifact transforms cache (C:\Users\Win8.1\.gradle\caches\transforms-1)" [_thread_blocked, id=1224, stack(0x000000001fb10000,0x000000001fc10000)]
  0x000000001e9af800 JavaThread "Cache worker for file hash cache (D:\github1\.gradle\4.4\fileHashes)" [_thread_blocked, id=6340, stack(0x000000001fa10000,0x000000001fb10000)]
  0x000000001e9ae800 JavaThread "Asynchronous log dispatcher for DefaultDaemonConnection: socket connection from /127.0.0.1:65154 to /127.0.0.1:65165" [_thread_blocked, id=5836, stack(0x000000001b790000,0x000000001b890000)]
  0x000000001e9b1800 JavaThread "Cancel handler" [_thread_blocked, id=8916, stack(0x000000001a2c0000,0x000000001a3c0000)]
  0x000000001e9ae000 JavaThread "Handler for socket connection from /127.0.0.1:65154 to /127.0.0.1:65165" [_thread_in_native, id=188, stack(0x000000001a1c0000,0x000000001a2c0000)]
  0x000000001df74800 JavaThread "Memory manager" [_thread_blocked, id=7676, stack(0x0000000020e20000,0x0000000020f20000)]
  0x000000001df77000 JavaThread "pool-1-thread-1" [_thread_blocked, id=11140, stack(0x000000001fd10000,0x000000001fe10000)]
  0x0000000019082000 JavaThread "File lock request listener" [_thread_in_native, id=4304, stack(0x000000001a6c0000,0x000000001a7c0000)]
  0x0000000018d38800 JavaThread "Cache worker for file hash cache (C:\Users\Win8.1\.gradle\caches\4.4\fileHashes)" [_thread_blocked, id=9168, stack(0x000000001a5c0000,0x000000001a6c0000)]
  0x00000000189b1000 JavaThread "Daemon worker" [_thread_blocked, id=4392, stack(0x000000001a0c0000,0x000000001a1c0000)]
  0x0000000018954000 JavaThread "Daemon" [_thread_blocked, id=9876, stack(0x0000000019bc0000,0x0000000019cc0000)]
  0x0000000018a76000 JavaThread "Daemon periodic checks" [_thread_blocked, id=10296, stack(0x0000000019ac0000,0x0000000019bc0000)]
  0x0000000018ac6000 JavaThread "Incoming local TCP Connector on port 65154" [_thread_in_native, id=10320, stack(0x00000000198d0000,0x00000000199d0000)]
  0x0000000017648800 JavaThread "Service Thread" daemon [_thread_blocked, id=6576, stack(0x0000000017a20000,0x0000000017b20000)]
  0x0000000015cf7800 JavaThread "C1 CompilerThread2" daemon [_thread_blocked, id=9692, stack(0x0000000017520000,0x0000000017620000)]
  0x0000000015cee800 JavaThread "C2 CompilerThread1" daemon [_thread_in_native, id=6644, stack(0x0000000017420000,0x0000000017520000)]
=>0x0000000015ceb800 JavaThread "C2 CompilerThread0" daemon [_thread_in_native, id=4248, stack(0x0000000017320000,0x0000000017420000)]
  0x0000000015cea000 JavaThread "Attach Listener" daemon [_thread_blocked, id=10468, stack(0x0000000017220000,0x0000000017320000)]
  0x0000000015ce9000 JavaThread "Signal Dispatcher" daemon [_thread_blocked, id=1772, stack(0x0000000017120000,0x0000000017220000)]
  0x000000000237c800 JavaThread "Finalizer" daemon [_thread_blocked, id=9504, stack(0x0000000016f40000,0x0000000017040000)]
  0x0000000002371800 JavaThread "Reference Handler" daemon [_thread_blocked, id=10768, stack(0x0000000016e40000,0x0000000016f40000)]
  0x0000000002280800 JavaThread "main" [_thread_blocked, id=9872, stack(0x0000000002180000,0x0000000002280000)]

Other Threads:
  0x0000000015cb4000 VMThread [stack: 0x0000000016d40000,0x0000000016e40000] [id=10744]
  0x0000000015d4c000 WatcherThread [stack: 0x0000000017b20000,0x0000000017c20000] [id=5820]

VM state:not at safepoint (normal execution)

VM Mutex/Monitor currently owned by a thread: None

Heap:
 PSYoungGen      total 445440K, used 53240K [0x00000000e0000000, 0x00000000fff80000, 0x0000000100000000)
  eden space 373248K, 14% used [0x00000000e0000000,0x00000000e33fe128,0x00000000f6c80000)
  from space 72192K, 0% used [0x00000000f6c80000,0x00000000f6c80000,0x00000000fb300000)
  to   space 70656K, 0% used [0x00000000fba80000,0x00000000fba80000,0x00000000fff80000)
 ParOldGen       total 1048576K, used 1048345K [0x00000000a0000000, 0x00000000e0000000, 0x00000000e0000000)
  object space 1048576K, 99% used [0x00000000a0000000,0x00000000dffc6490,0x00000000e0000000)
 Metaspace       used 74080K, capacity 77091K, committed 77912K, reserved 1116160K
  class space    used 9536K, capacity 10312K, committed 10368K, reserved 1048576K

Card table byte_map: [0x0000000011740000,0x0000000011a50000] byte_map_base: 0x0000000011240000

Marking Bits: (ParMarkBitMap*) 0x00000000698a18f0
 Begin Bits: [0x0000000012050000, 0x0000000013850000)
 End Bits:   [0x0000000013850000, 0x0000000015050000)

Polling page: 0x0000000002070000

CodeCache: size=245760Kb used=52563Kb max_used=53852Kb free=193196Kb
 bounds [0x0000000002380000, 0x0000000005860000, 0x0000000011380000]
 total_blobs=15695 nmethods=14888 adapters=718
 compilation: enabled

Compilation events (10 events):
Event: 166.311 Thread 0x0000000015cf7800 20194       2       java.util.ComparableTimSort::<init> (160 bytes)
Event: 166.311 Thread 0x0000000015cf7800 nmethod 20194 0x00000000053b8050 code [0x00000000053b81c0, 0x00000000053b85d0]
Event: 166.382 Thread 0x0000000015cf7800 20197       3       java.util.ComparableTimSort::countRunAndMakeAscending (123 bytes)
Event: 166.382 Thread 0x0000000015cf7800 nmethod 20197 0x00000000053b6b50 code [0x00000000053b6d60, 0x00000000053b7b08]
Event: 166.387 Thread 0x0000000015cf7800 20198 %     3       com.android.dx.dex.code.OutputFinisher::shiftParameters @ 91 (143 bytes)
Event: 166.388 Thread 0x0000000015cf7800 nmethod 20198% 0x00000000053b4990 code [0x00000000053b4c20, 0x00000000053b6018]
Event: 166.390 Thread 0x0000000015cf7800 20199 %     3       com.android.dx.dex.code.LocalList$MakeState::snapshot @ 16 (110 bytes)
Event: 166.391 Thread 0x0000000015cf7800 nmethod 20199% 0x0000000004f48a50 code [0x0000000004f48ce0, 0x0000000004f49f58]
Event: 166.391 Thread 0x0000000015cf7800 20200       3       com.android.dx.dex.code.LocalList$MakeState::snapshot (110 bytes)
Event: 166.392 Thread 0x0000000015cf7800 nmethod 20200 0x0000000004f46c10 code [0x0000000004f46ea0, 0x0000000004f47fd8]

GC Heap History (10 events):
Event: 157.045 GC heap before
{Heap before GC invocations=104 (full 71):
 PSYoungGen      total 445440K, used 373248K [0x00000000e0000000, 0x00000000fff80000, 0x0000000100000000)
  eden space 373248K, 100% used [0x00000000e0000000,0x00000000f6c80000,0x00000000f6c80000)
  from space 72192K, 0% used [0x00000000f6c80000,0x00000000f6c80000,0x00000000fb300000)
  to   space 70656K, 0% used [0x00000000fba80000,0x00000000fba80000,0x00000000fff80000)
 ParOldGen       total 771072K, used 770932K [0x00000000a0000000, 0x00000000cf100000, 0x00000000e0000000)
  object space 771072K, 99% used [0x00000000a0000000,0x00000000cf0dd2b8,0x00000000cf100000)
 Metaspace       used 73663K, capacity 76675K, committed 77912K, reserved 1116160K
  class space    used 9519K, capacity 10280K, committed 10368K, reserved 1048576K
Event: 158.085 GC heap after
Heap after GC invocations=104 (full 71):
 PSYoungGen      total 445440K, used 373172K [0x00000000e0000000, 0x00000000fff80000, 0x0000000100000000)
  eden space 373248K, 99% used [0x00000000e0000000,0x00000000f6c6d048,0x00000000f6c80000)
  from space 72192K, 0% used [0x00000000f6c80000,0x00000000f6c80000,0x00000000fb300000)
  to   space 70656K, 0% used [0x00000000fba80000,0x00000000fba80000,0x00000000fff80000)
 ParOldGen       total 771072K, used 770932K [0x00000000a0000000, 0x00000000cf100000, 0x00000000e0000000)
  object space 771072K, 99% used [0x00000000a0000000,0x00000000cf0dd2b8,0x00000000cf100000)
 Metaspace       used 73663K, capacity 76675K, committed 77912K, reserved 1116160K
  class space    used 9519K, capacity 10280K, committed 10368K, reserved 1048576K
}
Event: 158.085 GC heap before
{Heap before GC invocations=105 (full 72):
 PSYoungGen      total 445440K, used 373248K [0x00000000e0000000, 0x00000000fff80000, 0x0000000100000000)
  eden space 373248K, 100% used [0x00000000e0000000,0x00000000f6c80000,0x00000000f6c80000)
  from space 72192K, 0% used [0x00000000f6c80000,0x00000000f6c80000,0x00000000fb300000)
  to   space 70656K, 0% used [0x00000000fba80000,0x00000000fba80000,0x00000000fff80000)
 ParOldGen       total 771072K, used 770932K [0x00000000a0000000, 0x00000000cf100000, 0x00000000e0000000)
  object space 771072K, 99% used [0x00000000a0000000,0x00000000cf0dd2b8,0x00000000cf100000)
 Metaspace       used 73663K, capacity 76675K, committed 77912K, reserved 1116160K
  class space    used 9519K, capacity 10280K, committed 10368K, reserved 1048576K
Event: 159.103 GC heap after
Heap after GC invocations=105 (full 72):
 PSYoungGen      total 445440K, used 373184K [0x00000000e0000000, 0x00000000fff80000, 0x0000000100000000)
  eden space 373248K, 99% used [0x00000000e0000000,0x00000000f6c70348,0x00000000f6c80000)
  from space 72192K, 0% used [0x00000000f6c80000,0x00000000f6c80000,0x00000000fb300000)
  to   space 70656K, 0% used [0x00000000fba80000,0x00000000fba80000,0x00000000fff80000)
 ParOldGen       total 1048576K, used 770932K [0x00000000a0000000, 0x00000000e0000000, 0x00000000e0000000)
  object space 1048576K, 73% used [0x00000000a0000000,0x00000000cf0dd2b8,0x00000000e0000000)
 Metaspace       used 73663K, capacity 76675K, committed 77912K, reserved 1116160K
  class space    used 9519K, capacity 10280K, committed 10368K, reserved 1048576K
}
Event: 159.103 GC heap before
{Heap before GC invocations=106 (full 72):
 PSYoungGen      total 445440K, used 373248K [0x00000000e0000000, 0x00000000fff80000, 0x0000000100000000)
  eden space 373248K, 100% used [0x00000000e0000000,0x00000000f6c80000,0x00000000f6c80000)
  from space 72192K, 0% used [0x00000000f6c80000,0x00000000f6c80000,0x00000000fb300000)
  to   space 70656K, 0% used [0x00000000fba80000,0x00000000fba80000,0x00000000fff80000)
 ParOldGen       total 1048576K, used 770932K [0x00000000a0000000, 0x00000000e0000000, 0x00000000e0000000)
  object space 1048576K, 73% used [0x00000000a0000000,0x00000000cf0dd2b8,0x00000000e0000000)
 Metaspace       used 73663K, capacity 76675K, committed 77912K, reserved 1116160K
  class space    used 9519K, capacity 10280K, committed 10368K, reserved 1048576K
Event: 159.699 GC heap after
Heap after GC invocations=106 (full 72):
 PSYoungGen      total 445440K, used 373248K [0x00000000e0000000, 0x00000000fff80000, 0x0000000100000000)
  eden space 373248K, 100% used [0x00000000e0000000,0x00000000f6c80000,0x00000000f6c80000)
  from space 72192K, 0% used [0x00000000f6c80000,0x00000000f6c80000,0x00000000fb300000)
  to   space 70656K, 99% used [0x00000000fba80000,0x00000000fff79a60,0x00000000fff80000)
 ParOldGen       total 1048576K, used 1048568K [0x00000000a0000000, 0x00000000e0000000, 0x00000000e0000000)
  object space 1048576K, 99% used [0x00000000a0000000,0x00000000dfffe160,0x00000000e0000000)
 Metaspace       used 73663K, capacity 76675K, committed 77912K, reserved 1116160K
  class space    used 9519K, capacity 10280K, committed 10368K, reserved 1048576K
}
Event: 159.699 GC heap before
{Heap before GC invocations=107 (full 73):
 PSYoungGen      total 445440K, used 373248K [0x00000000e0000000, 0x00000000fff80000, 0x0000000100000000)
  eden space 373248K, 100% used [0x00000000e0000000,0x00000000f6c80000,0x00000000f6c80000)
  from space 72192K, 0% used [0x00000000f6c80000,0x00000000f6c80000,0x00000000fb300000)
  to   space 70656K, 99% used [0x00000000fba80000,0x00000000fff79a60,0x00000000fff80000)
 ParOldGen       total 1048576K, used 1048568K [0x00000000a0000000, 0x00000000e0000000, 0x00000000e0000000)
  object space 1048576K, 99% used [0x00000000a0000000,0x00000000dfffe160,0x00000000e0000000)
 Metaspace       used 73663K, capacity 76675K, committed 77912K, reserved 1116160K
  class space    used 9519K, capacity 10280K, committed 10368K, reserved 1048576K
Event: 161.733 GC heap after
Heap after GC invocations=107 (full 73):
 PSYoungGen      total 445440K, used 95868K [0x00000000e0000000, 0x00000000fff80000, 0x0000000100000000)
  eden space 373248K, 25% used [0x00000000e0000000,0x00000000e5d9f318,0x00000000f6c80000)
  from space 72192K, 0% used [0x00000000f6c80000,0x00000000f6c80000,0x00000000fb300000)
  to   space 70656K, 0% used [0x00000000fba80000,0x00000000fba80000,0x00000000fff80000)
 ParOldGen       total 1048576K, used 1048261K [0x00000000a0000000, 0x00000000e0000000, 0x00000000e0000000)
  object space 1048576K, 99% used [0x00000000a0000000,0x00000000dffb1420,0x00000000e0000000)
 Metaspace       used 73663K, capacity 76675K, committed 77912K, reserved 1116160K
  class space    used 9519K, capacity 10280K, committed 10368K, reserved 1048576K
}
Event: 162.505 GC heap before
{Heap before GC invocations=108 (full 74):
 PSYoungGen      total 445440K, used 373248K [0x00000000e0000000, 0x00000000fff80000, 0x0000000100000000)
  eden space 373248K, 100% used [0x00000000e0000000,0x00000000f6c80000,0x00000000f6c80000)
  from space 72192K, 0% used [0x00000000f6c80000,0x00000000f6c80000,0x00000000fb300000)
  to   space 70656K, 0% used [0x00000000fba80000,0x00000000fba80000,0x00000000fff80000)
 ParOldGen       total 1048576K, used 1048261K [0x00000000a0000000, 0x00000000e0000000, 0x00000000e0000000)
  object space 1048576K, 99% used [0x00000000a0000000,0x00000000dffb1420,0x00000000e0000000)
 Metaspace       used 74074K, capacity 77091K, committed 77912K, reserved 1116160K
  class space    used 9535K, capacity 10312K, committed 10368K, reserved 1048576K
Event: 166.147 GC heap after
Heap after GC invocations=108 (full 74):
 PSYoungGen      total 445440K, used 15247K [0x00000000e0000000, 0x00000000fff80000, 0x0000000100000000)
  eden space 373248K, 4% used [0x00000000e0000000,0x00000000e0ee3d58,0x00000000f6c80000)
  from space 72192K, 0% used [0x00000000f6c80000,0x00000000f6c80000,0x00000000fb300000)
  to   space 70656K, 0% used [0x00000000fba80000,0x00000000fba80000,0x00000000fff80000)
 ParOldGen       total 1048576K, used 1048345K [0x00000000a0000000, 0x00000000e0000000, 0x00000000e0000000)
  object space 1048576K, 99% used [0x00000000a0000000,0x00000000dffc6490,0x00000000e0000000)
 Metaspace       used 74074K, capacity 77091K, committed 77912K, reserved 1116160K
  class space    used 9535K, capacity 10312K, committed 10368K, reserved 1048576K
}

Deoptimization events (10 events):
Event: 162.138 Thread 0x000000001b5de000 Uncommon trap: reason=unstable_if action=reinterpret pc=0x00000000042077a4 method=com.android.dx.dex.code.StdCatchBuilder.handlersFor(Lcom/android/dx/rop/code/BasicBlock;Lcom/android/dx/dex/code/BlockAddresses;)Lcom/android/dx/dex/code/CatchHandlerList; @ 
Event: 162.164 Thread 0x000000001b5de000 Uncommon trap: reason=unstable_if action=reinterpret pc=0x0000000004231828 method=com.android.dx.dex.code.LocalList$MakeState.filterSpec(Lcom/android/dx/rop/code/RegisterSpec;)Lcom/android/dx/rop/code/RegisterSpec; @ 11
Event: 162.218 Thread 0x000000001e9b8800 Uncommon trap: reason=unstable_if action=reinterpret pc=0x0000000003129058 method=com.android.dx.dex.file.ValueEncoder.addContents(Lcom/android/dx/dex/file/DexFile;Lcom/android/dx/rop/cst/Constant;)V @ 4
Event: 162.218 Thread 0x000000001e9b8800 Uncommon trap: reason=unstable_if action=reinterpret pc=0x0000000004a3f0cc method=com.android.dx.dex.file.DexFile.internIfAppropriate(Lcom/android/dx/rop/cst/Constant;)V @ 92
Event: 162.237 Thread 0x000000001b5de000 Uncommon trap: reason=predicate action=maybe_recompile pc=0x00000000026821fc method=java.util.ComparableTimSort.reverseRange([Ljava/lang/Object;II)V @ 8
Event: 162.433 Thread 0x000000001b5de000 Uncommon trap: reason=unstable_if action=reinterpret pc=0x00000000047c9714 method=com.android.dx.util.ByteArrayAnnotatedOutput.writeUleb128(I)I @ 4
Event: 162.433 Thread 0x000000001b5de000 Uncommon trap: reason=unstable_if action=reinterpret pc=0x0000000004ca7214 method=com.android.dx.util.ByteArrayAnnotatedOutput.writeByte(I)V @ 13
Event: 166.174 Thread 0x000000001e9b8800 Uncommon trap: reason=class_check action=maybe_recompile pc=0x00000000045ffe20 method=com.android.dx.dex.file.UniformItemSection.prepare0()V @ 13
Event: 166.275 Thread 0x000000001e9b8800 Uncommon trap: reason=unstable_if action=reinterpret pc=0x0000000005154f60 method=java.util.ComparableTimSort.countRunAndMakeAscending([Ljava/lang/Object;II)I @ 25
Event: 166.390 Thread 0x000000001e9b8800 Uncommon trap: reason=unstable_if action=reinterpret pc=0x000000000576768c method=com.android.dx.dex.code.LocalList$MakeState.snapshot(ILcom/android/dx/rop/code/RegisterSpecSet;)V @ 86

Internal exceptions (10 events):
Event: 54.053 Thread 0x000000001e9ba000 Implicit null exception at 0x0000000004d91652 to 0x0000000004d91ba5
Event: 55.978 Thread 0x000000001df82800 Implicit null exception at 0x00000000050824b9 to 0x0000000005083f3d
Event: 55.978 Thread 0x000000001df82800 Implicit null exception at 0x00000000050bcc3b to 0x00000000050be191
Event: 56.924 Thread 0x000000001df7a000 Implicit null exception at 0x00000000053646b0 to 0x0000000005364e59
Event: 61.598 Thread 0x000000001df82800 Implicit null exception at 0x0000000005089753 to 0x000000000508aafd
Event: 61.598 Thread 0x000000001df82800 Implicit null exception at 0x0000000004ac13c8 to 0x0000000004ac16bd
Event: 62.316 Thread 0x000000001df7a000 Implicit null exception at 0x00000000050a98c5 to 0x00000000050a9add
Event: 63.740 Thread 0x000000001df82800 Implicit null exception at 0x0000000005222c0a to 0x00000000052240d9
Event: 63.740 Thread 0x000000001df82800 Implicit null exception at 0x0000000004e16a51 to 0x0000000004e16d41
Event: 69.686 Thread 0x000000001df7c000 Implicit null exception at 0x0000000004fbe1e5 to 0x0000000004fbe215

Events (10 events):
Event: 166.390 Thread 0x000000001e9b8800 DEOPT PACKING pc=0x000000000576768c sp=0x00000000266cef10
Event: 166.390 Thread 0x000000001e9b8800 DEOPT UNPACKING pc=0x00000000023c556a sp=0x00000000266cef20 mode 2
Event: 166.395 Thread 0x000000001e9b8800 DEOPT PACKING pc=0x00000000052e0ec9 sp=0x00000000266cefe0
Event: 166.395 Thread 0x000000001e9b8800 DEOPT UNPACKING pc=0x00000000023c75bf sp=0x00000000266ced30 mode 0
Event: 166.397 Thread 0x000000001e9b8800 DEOPT PACKING pc=0x00000000052e0ec9 sp=0x00000000266cefe0
Event: 166.397 Thread 0x000000001e9b8800 DEOPT UNPACKING pc=0x00000000023c75bf sp=0x00000000266ced30 mode 0
Event: 166.400 Thread 0x000000001e9b8800 DEOPT PACKING pc=0x00000000052e0ec9 sp=0x00000000266cefe0
Event: 166.400 Thread 0x000000001e9b8800 DEOPT UNPACKING pc=0x00000000023c75bf sp=0x00000000266ced30 mode 0
Event: 166.405 Thread 0x000000001e9b8800 DEOPT PACKING pc=0x00000000052e0ec9 sp=0x00000000266cefe0
Event: 166.405 Thread 0x000000001e9b8800 DEOPT UNPACKING pc=0x00000000023c75bf sp=0x00000000266ced30 mode 0


Dynamic libraries:
0x00007ff71a130000 - 0x00007ff71a161000 	C:\Program Files\Android\Android Studio\jre\bin\java.exe
0x00007fffee490000 - 0x00007fffee63c000 	C:\Windows\SYSTEM32\ntdll.dll
0x00007fffee350000 - 0x00007fffee48e000 	C:\Windows\system32\KERNEL32.DLL
0x00007fffeb8e0000 - 0x00007fffeb9f5000 	C:\Windows\system32\KERNELBASE.dll
0x00007fffebf10000 - 0x00007fffebfba000 	C:\Windows\system32\ADVAPI32.dll
0x00007fffebb10000 - 0x00007fffebc87000 	C:\Windows\system32\USER32.dll
0x00007fffe8c60000 - 0x00007fffe8edb000 	C:\Windows\WinSxS\amd64_microsoft.windows.common-controls_6595b64144ccf1df_6.0.9600.17415_none_6240486fecbd8abb\COMCTL32.dll
0x00007fffeca10000 - 0x00007fffecaba000 	C:\Windows\system32\msvcrt.dll
0x00007fffebe50000 - 0x00007fffebea9000 	C:\Windows\SYSTEM32\sechost.dll
0x00007fffee200000 - 0x00007fffee341000 	C:\Windows\system32\RPCRT4.dll
0x00007fffec470000 - 0x00007fffec5c1000 	C:\Windows\system32\GDI32.dll
0x00007fffec3a0000 - 0x00007fffec3d6000 	C:\Windows\system32\IMM32.DLL
0x00007fffec0b0000 - 0x00007fffec202000 	C:\Windows\system32\MSCTF.dll
0x0000000069000000 - 0x00000000690d2000 	C:\Program Files\Android\Android Studio\jre\jre\bin\msvcr100.dll
0x00000000690e0000 - 0x000000006991c000 	C:\Program Files\Android\Android Studio\jre\jre\bin\server\jvm.dll
0x00007fffe2510000 - 0x00007fffe2519000 	C:\Windows\SYSTEM32\WSOCK32.dll
0x00007fffe5670000 - 0x00007fffe5692000 	C:\Windows\SYSTEM32\WINMM.dll
0x00007fffe3a20000 - 0x00007fffe3a2a000 	C:\Windows\SYSTEM32\VERSION.dll
0x00007fffebc90000 - 0x00007fffebc97000 	C:\Windows\system32\PSAPI.DLL
0x00007fffec630000 - 0x00007fffec68a000 	C:\Windows\system32\WS2_32.dll
0x00007fffe5640000 - 0x00007fffe566a000 	C:\Windows\SYSTEM32\WINMMBASE.dll
0x00007fffec210000 - 0x00007fffec219000 	C:\Windows\system32\NSI.dll
0x00007fffeb890000 - 0x00007fffeb8df000 	C:\Windows\SYSTEM32\cfgmgr32.dll
0x00007fffea3d0000 - 0x00007fffea3f8000 	C:\Windows\SYSTEM32\DEVOBJ.dll
0x00007fffe7070000 - 0x00007fffe707f000 	C:\Program Files\Android\Android Studio\jre\jre\bin\verify.dll
0x00007fffe6be0000 - 0x00007fffe6c09000 	C:\Program Files\Android\Android Studio\jre\jre\bin\java.dll
0x00007fffe0500000 - 0x00007fffe0516000 	C:\Program Files\Android\Android Studio\jre\jre\bin\zip.dll
0x00007fffecac0000 - 0x00007fffedfd8000 	C:\Windows\system32\SHELL32.dll
0x00007fffedfe0000 - 0x00007fffee1f1000 	C:\Windows\SYSTEM32\combase.dll
0x00007fffebeb0000 - 0x00007fffebf04000 	C:\Windows\system32\SHLWAPI.dll
0x00007fffe9b50000 - 0x00007fffe9c02000 	C:\Windows\SYSTEM32\SHCORE.dll
0x00007fffeb5e0000 - 0x00007fffeb5f5000 	C:\Windows\SYSTEM32\profapi.dll
0x00007fffe0390000 - 0x00007fffe03aa000 	C:\Program Files\Android\Android Studio\jre\jre\bin\net.dll
0x00007fffeadf0000 - 0x00007fffeae49000 	C:\Windows\system32\mswsock.dll
0x00007fffdd720000 - 0x00007fffdd731000 	C:\Program Files\Android\Android Studio\jre\jre\bin\nio.dll
0x00007fffd53c0000 - 0x00007fffd53de000 	C:\Users\Win8.1\.gradle\native\25\windows-amd64\native-platform.dll
0x00007fffe6bd0000 - 0x00007fffe6bdd000 	C:\Program Files\Android\Android Studio\jre\jre\bin\management.dll
0x00007fffeae50000 - 0x00007fffeae70000 	C:\Windows\SYSTEM32\CRYPTSP.dll
0x00007fffea930000 - 0x00007fffea966000 	C:\Windows\system32\rsaenh.dll
0x00007fffeb0a0000 - 0x00007fffeb0c6000 	C:\Windows\SYSTEM32\bcrypt.dll
0x00007fffeabc0000 - 0x00007fffeabe1000 	C:\Windows\SYSTEM32\USERENV.dll
0x00007fffeb3e0000 - 0x00007fffeb443000 	C:\Windows\system32\bcryptprimitives.dll
0x00007fffeb550000 - 0x00007fffeb55b000 	C:\Windows\SYSTEM32\CRYPTBASE.dll
0x00007fffe4380000 - 0x00007fffe43aa000 	C:\Windows\SYSTEM32\IPHLPAPI.DLL
0x00007fffe4360000 - 0x00007fffe436a000 	C:\Windows\SYSTEM32\WINNSI.DLL
0x00007fffe3e10000 - 0x00007fffe3e26000 	C:\Windows\SYSTEM32\dhcpcsvc6.DLL
0x00007fffe40a0000 - 0x00007fffe40ba000 	C:\Windows\SYSTEM32\dhcpcsvc.DLL

VM Arguments:
jvm_args: -Xmx1536m -Dfile.encoding=windows-1252 -Duser.country=US -Duser.language=en -Duser.variant 
java_command: org.gradle.launcher.daemon.bootstrap.GradleDaemon 4.4
java_class_path (initial): C:\Users\Win8.1\.gradle\wrapper\dists\gradle-4.4-all\9br9xq1tocpiv8o6njlyu5op1\gradle-4.4\lib\gradle-launcher-4.4.jar
Launcher Type: SUN_STANDARD

Environment Variables:
PATH=C:\ProgramData\Oracle\Java\javapath;C:\Windows\system32;C:\Windows;C:\Windows\System32\Wbem;C:\Windows\System32\WindowsPowerShell\v1.0\;C:\Program Files\Git\cmd;C:\Program Files (x86)\Minimal ADB and Fastboot;C:\Users\Win8.1\AppData\Local\GitHubDesktop\bin;C:\Users\Win8.1\AppData\Local\Android\sdk\platform-tools\sqlite3;C:\Program Files (x86)\Minimal ADB and Fastboot
USERNAME=Win8.1
OS=Windows_NT
PROCESSOR_IDENTIFIER=Intel64 Family 6 Model 158 Stepping 9, GenuineIntel



---------------  S Y S T E M  ---------------

OS: Windows 8.1 , 64 bit Build 9600 (6.3.9600.17415)

CPU:total 4 (4 cores per cpu, 1 threads per core) family 6 model 158 stepping 9, cmov, cx8, fxsr, mmx, sse, sse2, sse3, ssse3, sse4.1, sse4.2, popcnt, avx, avx2, aes, clmul, erms, 3dnowpref, lzcnt, tsc, tscinvbit, bmi1, bmi2, adx

Memory: 4k page, physical 16671408k(3277520k free), swap 16671408k(6052k free)

vm_info: OpenJDK 64-Bit Server VM (25.112-b06) for windows-amd64 JRE (1.8.0_112-release-b06), built on Dec  8 2016 00:54:26 by "builder" with MS VC++ 10.0 (VS2010)

time: Tue Feb 18 10:22:31 2020
elapsed time: 166 seconds (0d 0h 2m 46s)

