#
# There is insufficient memory for the Java Runtime Environment to continue.
# Native memory allocation (malloc) failed to allocate 32744 bytes for ChunkPool::allocate
# Possible reasons:
#   The system is out of physical RAM or swap space
#   In 32 bit mode, the process size limit was hit
# Possible solutions:
#   Reduce memory load on the system
#   Increase physical memory or swap space
#   Check if swap backing store is full
#   Use 64 bit Java on a 64 bit OS
#   Decrease Java heap size (-Xmx/-Xms)
#   Decrease number of Java threads
#   Decrease Java thread stack sizes (-Xss)
#   Set larger code cache with -XX:ReservedCodeCacheSize=
# This output file may be truncated or incomplete.
#
#  Out of Memory Error (allocation.cpp:273), pid=4276, tid=0x0000000000001344
#
# JRE version: OpenJDK Runtime Environment (8.0_76-b03) (build 1.8.0_76-release-b03)
# Java VM: OpenJDK 64-Bit Server VM (25.76-b03 mixed mode windows-amd64 compressed oops)
# Failed to write core dump. Minidumps are not enabled by default on client versions of Windows
#

---------------  T H R E A D  ---------------

Current thread (0x0000000057198800):  JavaThread "C2 CompilerThread1" daemon [_thread_in_native, id=4932, stack(0x0000000057ab0000,0x0000000057bb0000)]

Stack: [0x0000000057ab0000,0x0000000057bb0000]
[error occurred during error reporting (printing stack bounds), id 0xc0000005]

Native frames: (J=compiled Java code, j=interpreted, Vv=VM code, C=native code)


Current CompileTask:
C2:5908025 21559       4       org.gradle.model.internal.type.ModelType::wrap (219 bytes)


---------------  P R O C E S S  ---------------

Java Threads: ( => current thread )
  0x000000005ccdf000 JavaThread "Stdin handler" [_thread_blocked, id=4392, stack(0x000000005e7d0000,0x000000005e8d0000)]
  0x000000005cce0800 JavaThread "Asynchronous log dispatcher for org.gradle.launcher.daemon.server.DefaultDaemonConnection@531db586" [_thread_blocked, id=4264, stack(0x000000005a4a0000,0x000000005a5a0000)]
  0x000000005ccdc800 JavaThread "Cancel handler" [_thread_blocked, id=3316, stack(0x000000005a650000,0x000000005a750000)]
  0x000000005ccdd800 JavaThread "Handler for socket connection from /127.0.0.1:61052 to /127.0.0.1:62678" [_thread_in_native, id=4844, stack(0x0000000059c00000,0x0000000059d00000)]
  0x000000005ccda800 JavaThread "Daemon worker Thread 12" [_thread_in_native, id=1032, stack(0x0000000060f60000,0x0000000061060000)]
  0x000000005ccdc000 JavaThread "Daemon Thread 12" [_thread_blocked, id=1428, stack(0x000000005a2a0000,0x000000005a3a0000)]
  0x000000005b8a5000 JavaThread "pool-7-thread-4" [_thread_blocked, id=4804, stack(0x000000005d0e0000,0x000000005d1e0000)]
  0x000000005cce4000 JavaThread "pool-7-thread-3" [_thread_blocked, id=1000, stack(0x0000000063030000,0x0000000063130000)]
  0x000000005cce2800 JavaThread "pool-7-thread-2" [_thread_blocked, id=3356, stack(0x00000000639f0000,0x0000000063af0000)]
  0x000000005cce2000 JavaThread "pool-7-thread-1" [_thread_blocked, id=3404, stack(0x0000000063890000,0x0000000063990000)]
  0x000000005ccd8000 JavaThread "pool-2-thread-1" [_thread_blocked, id=3264, stack(0x000000005e1e0000,0x000000005e2e0000)]
  0x000000005ccd6800 JavaThread "File lock request listener" [_thread_in_native, id=1524, stack(0x000000005a3a0000,0x000000005a4a0000)]
  0x0000000058ed9800 JavaThread "pool-1-thread-1" [_thread_blocked, id=3220, stack(0x000000005a130000,0x000000005a230000)]
  0x0000000058ef1800 JavaThread "Incoming local TCP Connector on port 61052" [_thread_in_native, id=4524, stack(0x0000000059d40000,0x0000000059e40000)]
  0x000000005720f800 JavaThread "Service Thread" daemon [_thread_blocked, id=5060, stack(0x0000000057d40000,0x0000000057e40000)]
  0x000000005719f800 JavaThread "C1 CompilerThread2" daemon [_thread_in_vm, id=4592, stack(0x0000000057bc0000,0x0000000057cc0000)]
=>0x0000000057198800 JavaThread "C2 CompilerThread1" daemon [_thread_in_native, id=4932, stack(0x0000000057ab0000,0x0000000057bb0000)]
  0x0000000057192800 JavaThread "C2 CompilerThread0" daemon [_thread_in_native, id=1584, stack(0x0000000057940000,0x0000000057a40000)]
  0x0000000055eee800 JavaThread "Attach Listener" daemon [_thread_blocked, id=3928, stack(0x00000000575b0000,0x00000000576b0000)]
  0x0000000055eed800 JavaThread "Signal Dispatcher" daemon [_thread_blocked, id=4556, stack(0x0000000057710000,0x0000000057810000)]
  0x0000000055ec7000 JavaThread "Finalizer" daemon [_thread_blocked, id=3024, stack(0x0000000057090000,0x0000000057190000)]
  0x0000000055e7f800 JavaThread "Reference Handler" daemon [_thread_blocked, id=5048, stack(0x0000000056e10000,0x0000000056f10000)]
  0x000000000009d800 JavaThread "main" [_thread_blocked, id=4700, stack(0x0000000002010000,0x0000000002110000)]

Other Threads:
  0x0000000055e78000 VMThread [stack: 0x0000000056f60000,0x0000000057060000] [id=2620]
  0x0000000057217000 WatcherThread [stack: 0x0000000057f10000,0x0000000058010000] [id=3328]

VM state:not at safepoint (normal execution)

VM Mutex/Monitor currently owned by a thread: None

Heap:
 PSYoungGen      total 381952K, used 101191K [0x00000000e0000000, 0x00000000fa700000, 0x0000000100000000)
  eden space 332800K, 30% used [0x00000000e0000000,0x00000000e62d1ef0,0x00000000f4500000)
  from space 49152K, 0% used [0x00000000f7700000,0x00000000f7700000,0x00000000fa700000)
  to   space 50176K, 0% used [0x00000000f4500000,0x00000000f4500000,0x00000000f7600000)
 ParOldGen       total 122880K, used 35755K [0x00000000a0000000, 0x00000000a7800000, 0x00000000e0000000)
  object space 122880K, 29% used [0x00000000a0000000,0x00000000a22eaf10,0x00000000a7800000)
 Metaspace       used 70716K, capacity 74140K, committed 74368K, reserved 1114112K
  class space    used 8663K, capacity 9226K, committed 9344K, reserved 1048576K

Card table byte_map: [0x00000000117a0000,0x0000000011ab0000] byte_map_base: 0x00000000112a0000

Marking Bits: (ParMarkBitMap*) 0x00000000709e9d00
 Begin Bits: [0x00000000121f0000, 0x00000000139f0000)
 End Bits:   [0x00000000139f0000, 0x00000000151f0000)

Polling page: 0x0000000001c50000

CodeCache: size=245760Kb used=59587Kb max_used=59587Kb free=186172Kb
 bounds [0x00000000023e0000, 0x0000000005e80000, 0x00000000113e0000]
 total_blobs=16664 nmethods=15911 adapters=665
 compilation: enabled

Compilation events (10 events):
Event: 5905.586 Thread 0x000000005719f800 21571       3       org.apache.tools.ant.property.ParseProperties::parsePropertyName (55 bytes)
Event: 5905.587 Thread 0x000000005719f800 nmethod 21571 0x0000000005e40a90 code [0x0000000005e40c40, 0x0000000005e41298]
Event: 5905.587 Thread 0x000000005719f800 21572       3       org.apache.tools.ant.PropertyHelper$2::parsePropertyName (125 bytes)
Event: 5905.588 Thread 0x000000005719f800 nmethod 21572 0x000000000549c4d0 code [0x000000000549c740, 0x000000000549d8a8]
Event: 5905.588 Thread 0x000000005719f800 21573       3       java.text.ParsePosition::setIndex (6 bytes)
Event: 5905.589 Thread 0x000000005719f800 nmethod 21573 0x00000000050c7e50 code [0x00000000050c7fa0, 0x00000000050c80f0]
Event: 5905.590 Thread 0x000000005719f800 21574       3       org.gradle.model.internal.registry.DefaultModelRegistry$TryDiscoverSelfDiscoveringInScope::hasInputs (55 bytes)
Event: 5905.590 Thread 0x000000005719f800 nmethod 21574 0x00000000056aabd0 code [0x00000000056aade0, 0x00000000056ab688]
Event: 5905.591 Thread 0x000000005719f800 21575       1       org.gradle.execution.taskgraph.TaskInfo::require (8 bytes)
Event: 5905.592 Thread 0x000000005719f800 nmethod 21575 0x00000000058130d0 code [0x0000000005813220, 0x0000000005813350]

GC Heap History (10 events):
Event: 5632.816 GC heap before
{Heap before GC invocations=45 (full 11):
 PSYoungGen      total 357888K, used 49125K [0x00000000e0000000, 0x00000000fb180000, 0x0000000100000000)
  eden space 346624K, 10% used [0x00000000e0000000,0x00000000e250fd50,0x00000000f5280000)
  from space 11264K, 99% used [0x00000000f6080000,0x00000000f6b69940,0x00000000f6b80000)
  to   space 48640K, 0% used [0x00000000f8200000,0x00000000f8200000,0x00000000fb180000)
 ParOldGen       total 122880K, used 35349K [0x00000000a0000000, 0x00000000a7800000, 0x00000000e0000000)
  object space 122880K, 28% used [0x00000000a0000000,0x00000000a2285510,0x00000000a7800000)
 Metaspace       used 70535K, capacity 73964K, committed 74112K, reserved 1114112K
  class space    used 8647K, capacity 9210K, committed 9344K, reserved 1048576K
Event: 5632.821 GC heap after
Heap after GC invocations=45 (full 11):
 PSYoungGen      total 394240K, used 3849K [0x00000000e0000000, 0x00000000fb080000, 0x0000000100000000)
  eden space 346624K, 0% used [0x00000000e0000000,0x00000000e0000000,0x00000000f5280000)
  from space 47616K, 8% used [0x00000000f8200000,0x00000000f85c24f8,0x00000000fb080000)
  to   space 48128K, 0% used [0x00000000f5280000,0x00000000f5280000,0x00000000f8180000)
 ParOldGen       total 122880K, used 35357K [0x00000000a0000000, 0x00000000a7800000, 0x00000000e0000000)
  object space 122880K, 28% used [0x00000000a0000000,0x00000000a2287510,0x00000000a7800000)
 Metaspace       used 70535K, capacity 73964K, committed 74112K, reserved 1114112K
  class space    used 8647K, capacity 9210K, committed 9344K, reserved 1048576K
}
Event: 5632.821 GC heap before
{Heap before GC invocations=46 (full 12):
 PSYoungGen      total 394240K, used 3849K [0x00000000e0000000, 0x00000000fb080000, 0x0000000100000000)
  eden space 346624K, 0% used [0x00000000e0000000,0x00000000e0000000,0x00000000f5280000)
  from space 47616K, 8% used [0x00000000f8200000,0x00000000f85c24f8,0x00000000fb080000)
  to   space 48128K, 0% used [0x00000000f5280000,0x00000000f5280000,0x00000000f8180000)
 ParOldGen       total 122880K, used 35357K [0x00000000a0000000, 0x00000000a7800000, 0x00000000e0000000)
  object space 122880K, 28% used [0x00000000a0000000,0x00000000a2287510,0x00000000a7800000)
 Metaspace       used 70535K, capacity 73964K, committed 74112K, reserved 1114112K
  class space    used 8647K, capacity 9210K, committed 9344K, reserved 1048576K
Event: 5633.190 GC heap after
Heap after GC invocations=46 (full 12):
 PSYoungGen      total 394240K, used 0K [0x00000000e0000000, 0x00000000fb080000, 0x0000000100000000)
  eden space 346624K, 0% used [0x00000000e0000000,0x00000000e0000000,0x00000000f5280000)
  from space 47616K, 0% used [0x00000000f8200000,0x00000000f8200000,0x00000000fb080000)
  to   space 48128K, 0% used [0x00000000f5280000,0x00000000f5280000,0x00000000f8180000)
 ParOldGen       total 122880K, used 34547K [0x00000000a0000000, 0x00000000a7800000, 0x00000000e0000000)
  object space 122880K, 28% used [0x00000000a0000000,0x00000000a21bceb8,0x00000000a7800000)
 Metaspace       used 70420K, capacity 73780K, committed 74112K, reserved 1114112K
  class space    used 8631K, capacity 9170K, committed 9344K, reserved 1048576K
}
Event: 5842.685 GC heap before
{Heap before GC invocations=47 (full 12):
 PSYoungGen      total 394240K, used 346624K [0x00000000e0000000, 0x00000000fb080000, 0x0000000100000000)
  eden space 346624K, 100% used [0x00000000e0000000,0x00000000f5280000,0x00000000f5280000)
  from space 47616K, 0% used [0x00000000f8200000,0x00000000f8200000,0x00000000fb080000)
  to   space 48128K, 0% used [0x00000000f5280000,0x00000000f5280000,0x00000000f8180000)
 ParOldGen       total 122880K, used 34547K [0x00000000a0000000, 0x00000000a7800000, 0x00000000e0000000)
  object space 122880K, 28% used [0x00000000a0000000,0x00000000a21bceb8,0x00000000a7800000)
 Metaspace       used 70643K, capacity 74052K, committed 74368K, reserved 1114112K
  class space    used 8655K, capacity 9218K, committed 9344K, reserved 1048576K
Event: 5842.773 GC heap after
Heap after GC invocations=47 (full 12):
 PSYoungGen      total 366080K, used 33219K [0x00000000e0000000, 0x00000000fa900000, 0x0000000100000000)
  eden space 332800K, 0% used [0x00000000e0000000,0x00000000e0000000,0x00000000f4500000)
  from space 33280K, 99% used [0x00000000f5280000,0x00000000f72f0d08,0x00000000f7300000)
  to   space 51200K, 0% used [0x00000000f7700000,0x00000000f7700000,0x00000000fa900000)
 ParOldGen       total 122880K, used 34547K [0x00000000a0000000, 0x00000000a7800000, 0x00000000e0000000)
  object space 122880K, 28% used [0x00000000a0000000,0x00000000a21bceb8,0x00000000a7800000)
 Metaspace       used 70643K, capacity 74052K, committed 74368K, reserved 1114112K
  class space    used 8655K, capacity 9218K, committed 9344K, reserved 1048576K
}
Event: 5845.210 GC heap before
{Heap before GC invocations=48 (full 12):
 PSYoungGen      total 366080K, used 335510K [0x00000000e0000000, 0x00000000fa900000, 0x0000000100000000)
  eden space 332800K, 90% used [0x00000000e0000000,0x00000000f2734d70,0x00000000f4500000)
  from space 33280K, 99% used [0x00000000f5280000,0x00000000f72f0d08,0x00000000f7300000)
  to   space 51200K, 0% used [0x00000000f7700000,0x00000000f7700000,0x00000000fa900000)
 ParOldGen       total 122880K, used 34547K [0x00000000a0000000, 0x00000000a7800000, 0x00000000e0000000)
  object space 122880K, 28% used [0x00000000a0000000,0x00000000a21bceb8,0x00000000a7800000)
 Metaspace       used 70654K, capacity 74052K, committed 74368K, reserved 1114112K
  class space    used 8655K, capacity 9218K, committed 9344K, reserved 1048576K
Event: 5845.218 GC heap after
Heap after GC invocations=48 (full 12):
 PSYoungGen      total 381952K, used 4651K [0x00000000e0000000, 0x00000000fa700000, 0x0000000100000000)
  eden space 332800K, 0% used [0x00000000e0000000,0x00000000e0000000,0x00000000f4500000)
  from space 49152K, 9% used [0x00000000f7700000,0x00000000f7b8ae18,0x00000000fa700000)
  to   space 50176K, 0% used [0x00000000f4500000,0x00000000f4500000,0x00000000f7600000)
 ParOldGen       total 122880K, used 34555K [0x00000000a0000000, 0x00000000a7800000, 0x00000000e0000000)
  object space 122880K, 28% used [0x00000000a0000000,0x00000000a21beeb8,0x00000000a7800000)
 Metaspace       used 70654K, capacity 74052K, committed 74368K, reserved 1114112K
  class space    used 8655K, capacity 9218K, committed 9344K, reserved 1048576K
}
Event: 5845.218 GC heap before
{Heap before GC invocations=49 (full 13):
 PSYoungGen      total 381952K, used 4651K [0x00000000e0000000, 0x00000000fa700000, 0x0000000100000000)
  eden space 332800K, 0% used [0x00000000e0000000,0x00000000e0000000,0x00000000f4500000)
  from space 49152K, 9% used [0x00000000f7700000,0x00000000f7b8ae18,0x00000000fa700000)
  to   space 50176K, 0% used [0x00000000f4500000,0x00000000f4500000,0x00000000f7600000)
 ParOldGen       total 122880K, used 34555K [0x00000000a0000000, 0x00000000a7800000, 0x00000000e0000000)
  object space 122880K, 28% used [0x00000000a0000000,0x00000000a21beeb8,0x00000000a7800000)
 Metaspace       used 70654K, capacity 74052K, committed 74368K, reserved 1114112K
  class space    used 8655K, capacity 9218K, committed 9344K, reserved 1048576K
Event: 5845.564 GC heap after
Heap after GC invocations=49 (full 13):
 PSYoungGen      total 381952K, used 0K [0x00000000e0000000, 0x00000000fa700000, 0x0000000100000000)
  eden space 332800K, 0% used [0x00000000e0000000,0x00000000e0000000,0x00000000f4500000)
  from space 49152K, 0% used [0x00000000f7700000,0x00000000f7700000,0x00000000fa700000)
  to   space 50176K, 0% used [0x00000000f4500000,0x00000000f4500000,0x00000000f7600000)
 ParOldGen       total 122880K, used 35755K [0x00000000a0000000, 0x00000000a7800000, 0x00000000e0000000)
  object space 122880K, 29% used [0x00000000a0000000,0x00000000a22eaf10,0x00000000a7800000)
 Metaspace       used 70654K, capacity 74052K, committed 74368K, reserved 1114112K
  class space    used 8655K, capacity 9218K, committed 9344K, reserved 1048576K
}

Deoptimization events (10 events):
Event: 5366.298 Thread 0x000000005ccdc800 Uncommon trap: reason=array_check action=maybe_recompile pc=0x0000000005c64118 method=java.util.TimSort.mergeHi(IIII)V @ 419
Event: 5366.298 Thread 0x000000005ccdc800 Uncommon trap: reason=array_check action=maybe_recompile pc=0x0000000005c642a8 method=java.util.TimSort.mergeHi(IIII)V @ 657
Event: 5366.298 Thread 0x000000005ccdc800 Uncommon trap: reason=array_check action=maybe_recompile pc=0x00000000058b5d28 method=java.util.TimSort.mergeHi(IIII)V @ 250
Event: 5367.967 Thread 0x000000005ccdc800 Uncommon trap: reason=array_check action=maybe_recompile pc=0x0000000002727a24 method=java.util.TimSort.mergeHi(IIII)V @ 524
Event: 5367.967 Thread 0x000000005ccdc800 Uncommon trap: reason=array_check action=maybe_recompile pc=0x0000000002727a24 method=java.util.TimSort.mergeHi(IIII)V @ 524
Event: 5630.864 Thread 0x000000005b8a5000 Uncommon trap: reason=unstable_if action=reinterpret pc=0x00000000054ffe28 method=com.android.dx.dex.code.Dops.getNextOrNull(Lcom/android/dx/dex/code/Dop;Lcom/android/dx/dex/DexOptions;)Lcom/android/dx/dex/code/Dop; @ 7
Event: 5842.635 Thread 0x000000005c269000 Uncommon trap: reason=unstable_if action=reinterpret pc=0x0000000004fb471c method=com.android.dx.rop.code.DexTranslationAdvice.hasConstantOperation(Lcom/android/dx/rop/code/Rop;Lcom/android/dx/rop/code/RegisterSpec;Lcom/android/dx/rop/code/RegisterSpec;)Z 
P5«§Ò¶@
Event: 5842.655 Thread 0x000000005c268800 Uncommon trap: reason=unstable_if action=reinterpret pc=0x0000000004fb3bec method=com.android.dx.rop.code.DexTranslationAdvice.hasConstantOperation(Lcom/android/dx/rop/code/Rop;Lcom/android/dx/rop/code/RegisterSpec;Lcom/android/dx/rop/code/RegisterSpec;)Z âˆä~Ô¶@
Event: 5844.496 Thread 0x000000005ccda800 Uncommon trap: reason=null_check action=make_not_entrant pc=0x0000000005e121a0 method=com.sun.org.apache.xpath.internal.patterns.NodeTest.subPartMatchNS(Ljava/lang/String;Ljava/lang/String;)Z @ 25
Event: 5844.496 Thread 0x000000005ccda800 Uncommon trap: reason=null_check action=make_not_entrant pc=0x0000000005e0c318 method=com.sun.org.apache.xpath.internal.patterns.NodeTest.subPartMatchNS(Ljava/lang/String;Ljava/lang/String;)Z @ 25

Internal exceptions (10 events):
Event: 5616.950 Thread 0x000000005ccdd800 Exception <a 'java/lang/ClassNotFoundException': asLocalRepo32_ai27lru4p4iymmtg7uih7q68dCustomizer> (0x00000000e7f05e20) thrown at [C:\src\android\AOSP-openjdk\external\jetbrains\jdk\hotspot\src\share\vm\classfile\systemDictionary.cpp, line 210]
Event: 5618.333 Thread 0x000000005ccdd800 Exception <a 'sun/nio/fs/WindowsException'> (0x00000000ec391688) thrown at [C:\src\android\AOSP-openjdk\external\jetbrains\jdk\hotspot\src\share\vm\prims\jni.cpp, line 709]
Event: 5829.675 Thread 0x000000005ccda800 Exception <a 'java/lang/ClassNotFoundException': asLocalRepo510_8i33rxi5olueh3xlfks3kn1jxBeanInfo> (0x00000000e0763800) thrown at [C:\src\android\AOSP-openjdk\external\jetbrains\jdk\hotspot\src\share\vm\classfile\systemDictionary.cpp, line 210]
Event: 5829.676 Thread 0x000000005ccda800 Exception <a 'java/lang/ClassNotFoundException': asLocalRepo510_8i33rxi5olueh3xlfks3kn1jxCustomizer> (0x00000000e076d380) thrown at [C:\src\android\AOSP-openjdk\external\jetbrains\jdk\hotspot\src\share\vm\classfile\systemDictionary.cpp, line 210]
Event: 5830.827 Thread 0x000000005ccda800 Exception <a 'sun/nio/fs/WindowsException'> (0x00000000e4be76a0) thrown at [C:\src\android\AOSP-openjdk\external\jetbrains\jdk\hotspot\src\share\vm\prims\jni.cpp, line 709]
Event: 5844.496 Thread 0x000000005ccda800 Implicit null exception at 0x0000000005e11238 to 0x0000000005e12175
Event: 5844.496 Thread 0x000000005ccda800 Implicit null exception at 0x0000000005e0b7ca to 0x0000000005e0c2f9
Event: 5903.709 Thread 0x000000005ccda800 Exception <a 'java/lang/ClassNotFoundException': asLocalRepo247_k9mc9oir8623mtxp6uidm0sBeanInfo> (0x00000000e061b278) thrown at [C:\src\android\AOSP-openjdk\external\jetbrains\jdk\hotspot\src\share\vm\classfile\systemDictionary.cpp, line 210]
Event: 5903.709 Thread 0x000000005ccda800 Exception <a 'java/lang/ClassNotFoundException': asLocalRepo247_k9mc9oir8623mtxp6uidm0sCustomizer> (0x00000000e0624d88) thrown at [C:\src\android\AOSP-openjdk\external\jetbrains\jdk\hotspot\src\share\vm\classfile\systemDictionary.cpp, line 210]
Event: 5904.791 Thread 0x000000005ccda800 Exception <a 'sun/nio/fs/WindowsException'> (0x00000000e4a7a088) thrown at [C:\src\android\AOSP-openjdk\external\jetbrains\jdk\hotspot\src\share\vm\prims\jni.cpp, line 709]

Events (10 events):
Event: 5903.727 loading class groovy/runtime/metaclass/asLocalRepo247_k9mc9oir8623mtxp6uidm0s$_run_closure1$_closure2$_closure4$_closure5MetaClass
Event: 5903.727 loading class groovy/runtime/metaclass/asLocalRepo247_k9mc9oir8623mtxp6uidm0s$_run_closure1$_closure2$_closure4$_closure5MetaClass done
Event: 5903.727 loading class asLocalRepo247_k9mc9oir8623mtxp6uidm0s$_run_closure1$_closure3
Event: 5903.727 loading class asLocalRepo247_k9mc9oir8623mtxp6uidm0s$_run_closure1$_closure3 done
Event: 5903.728 loading class groovy/runtime/metaclass/asLocalRepo247_k9mc9oir8623mtxp6uidm0s$_run_closure1$_closure3MetaClass
Event: 5903.728 loading class groovy/runtime/metaclass/asLocalRepo247_k9mc9oir8623mtxp6uidm0s$_run_closure1$_closure3MetaClass done
Event: 5903.729 loading class asLocalRepo247_k9mc9oir8623mtxp6uidm0s$_run_closure1$_closure3$_closure6
Event: 5903.729 loading class asLocalRepo247_k9mc9oir8623mtxp6uidm0s$_run_closure1$_closure3$_closure6 done
Event: 5903.731 loading class groovy/runtime/metaclass/asLocalRepo247_k9mc9oir8623mtxp6uidm0s$_run_closure1$_closure3$_closure6MetaClass
Event: 5903.731 loading class groovy/runtime/metaclass/asLocalRepo247_k9mc9oir8623mtxp6uidm0s$_run_closure1$_closure3$_closure6MetaClass done


Dynamic libraries:
0x000000013ffa0000 - 0x000000013ffd1000 	C:\Program Files\Android\Android Studio\jre\bin\java.exe
0x0000000077100000 - 0x00000000772a9000 	C:\Windows\SYSTEM32\ntdll.dll
0x0000000076fe0000 - 0x00000000770ff000 	C:\Windows\system32\kernel32.dll
0x000007fefcfb0000 - 0x000007fefd01c000 	C:\Windows\system32\KERNELBASE.dll
0x000007feff0c0000 - 0x000007feff19b000 	C:\Windows\system32\ADVAPI32.dll
0x000007fefe4b0000 - 0x000007fefe54f000 	C:\Windows\system32\msvcrt.dll
0x000007feff3f0000 - 0x000007feff40f000 	C:\Windows\SYSTEM32\sechost.dll
0x000007feff2c0000 - 0x000007feff3ed000 	C:\Windows\system32\RPCRT4.dll
0x0000000076ee0000 - 0x0000000076fda000 	C:\Windows\system32\USER32.dll
0x000007fefeb00000 - 0x000007fefeb67000 	C:\Windows\system32\GDI32.dll
0x000007fefefb0000 - 0x000007fefefbe000 	C:\Windows\system32\LPK.dll
0x000007feff1a0000 - 0x000007feff269000 	C:\Windows\system32\USP10.dll
0x000007fefb520000 - 0x000007fefb714000 	C:\Windows\WinSxS\amd64_microsoft.windows.common-controls_6595b64144ccf1df_6.0.7601.18837_none_fa3b1e3d17594757\COMCTL32.dll
0x000007fefe8c0000 - 0x000007fefe931000 	C:\Windows\system32\SHLWAPI.dll
0x000007fefe940000 - 0x000007fefe96e000 	C:\Windows\system32\IMM32.DLL
0x000007fefe970000 - 0x000007fefea79000 	C:\Windows\system32\MSCTF.dll
0x0000000066790000 - 0x0000000066862000 	C:\Program Files\Android\Android Studio\jre\jre\bin\msvcr100.dll
0x0000000070230000 - 0x0000000070a64000 	C:\Program Files\Android\Android Studio\jre\jre\bin\server\jvm.dll
0x000007fef8de0000 - 0x000007fef8de9000 	C:\Windows\system32\WSOCK32.dll
0x000007feff270000 - 0x000007feff2bd000 	C:\Windows\system32\WS2_32.dll
0x000007fefd270000 - 0x000007fefd278000 	C:\Windows\system32\NSI.dll
0x000007fefb4c0000 - 0x000007fefb4fb000 	C:\Windows\system32\WINMM.dll
0x000007fefbfa0000 - 0x000007fefbfac000 	C:\Windows\system32\VERSION.dll
0x00000000772d0000 - 0x00000000772d7000 	C:\Windows\system32\PSAPI.DLL
0x000007fef8d40000 - 0x000007fef8d4f000 	C:\Program Files\Android\Android Studio\jre\jre\bin\verify.dll
0x000007fef8d10000 - 0x000007fef8d39000 	C:\Program Files\Android\Android Studio\jre\jre\bin\java.dll
0x000007fef8cf0000 - 0x000007fef8d06000 	C:\Program Files\Android\Android Studio\jre\jre\bin\zip.dll
0x000007fefd280000 - 0x000007fefe009000 	C:\Windows\system32\SHELL32.dll
0x000007fefe2a0000 - 0x000007fefe4a3000 	C:\Windows\system32\ole32.dll
0x000007fefceb0000 - 0x000007fefcebf000 	C:\Windows\system32\profapi.dll
0x000007fef8cd0000 - 0x000007fef8cea000 	C:\Program Files\Android\Android Studio\jre\jre\bin\net.dll
0x000007fefc720000 - 0x000007fefc775000 	C:\Windows\system32\mswsock.dll
0x000007fefc8b0000 - 0x000007fefc8b7000 	C:\Windows\System32\wship6.dll
0x000007fef8cb0000 - 0x000007fef8cc1000 	C:\Program Files\Android\Android Studio\jre\jre\bin\nio.dll
0x000007fefa7f0000 - 0x000007fefa802000 	C:\Users\DELTA\.gradle\native\19\windows-amd64\native-platform.dll
0x000007fefc880000 - 0x000007fefc898000 	C:\Windows\system32\CRYPTSP.dll
0x000007fefc360000 - 0x000007fefc3a7000 	C:\Windows\system32\rsaenh.dll
0x000007fefd040000 - 0x000007fefd05e000 	C:\Windows\system32\USERENV.dll
0x000007fefcd10000 - 0x000007fefcd1f000 	C:\Windows\system32\CRYPTBASE.dll
0x000007fefa530000 - 0x000007fefa557000 	C:\Windows\system32\IPHLPAPI.DLL
0x000007fefa4f0000 - 0x000007fefa4fb000 	C:\Windows\system32\WINNSI.DLL
0x000007fefa330000 - 0x000007fefa348000 	C:\Windows\system32\dhcpcsvc.DLL
0x000007fefa2f0000 - 0x000007fefa301000 	C:\Windows\system32\dhcpcsvc6.DLL
0x000007fef8a70000 - 0x000007fef8a7d000 	C:\Program Files\Android\Android Studio\jre\jre\bin\management.dll
0x000007fefccb0000 - 0x000007fefcd07000 	C:\Windows\system32\apphelp.dll

VM Arguments:
jvm_args: -Xmx1536m -Dfile.encoding=windows-1255 -Duser.country=IL -Duser.language=iw -Duser.variant 
java_command: org.gradle.launcher.daemon.bootstrap.GradleDaemon 2.14.1
java_class_path (initial): C:\Program Files\Android\Android Studio\gradle\gradle-2.14.1\lib\gradle-launcher-2.14.1.jar
Launcher Type: SUN_STANDARD

Environment Variables:
PATH=C:\ProgramData\Oracle\Java\javapath;C:\Windows\system32;C:\Windows;C:\Windows\System32\Wbem;C:\Windows\System32\WindowsPowerShell\v1.0\;C:\Program Files (x86)\Brackets\command
USERNAME=DELTA
OS=Windows_NT
PROCESSOR_IDENTIFIER=Intel64 Family 6 Model 42 Stepping 7, GenuineIntel



---------------  S Y S T E M  ---------------

OS: Windows 7 , 64 bit Build 7601 (6.1.7601.18939)

CPU:total 4 (2 cores per cpu, 2 threads per core) family 6 model 42 stepping 7, cmov, cx8, fxsr, mmx, sse, sse2, sse3, ssse3, sse4.1, sse4.2, popcnt, avx, aes, clmul, ht, tsc, tscinvbit

Memory: 4k page, physical 8321392k(915028k free), swap 8319552k(5036k free)

vm_info: OpenJDK 64-Bit Server VM (25.76-b03) for windows-amd64 JRE (1.8.0_76-release-b03), built on Jun 29 2016 19:09:20 by "ralucas" with MS VC++ 10.0 (VS2010)

time: Mon Oct 24 15:07:17 2016
elapsed time: 5905 seconds (0d 1h 38m 25s)

