JvmtiExport can_access_local_variables 0
JvmtiExport can_hotswap_or_post_breakpoint 0
JvmtiExport can_post_on_exceptions 0
# 299 ciObject found
instanceKlass android/content/Context
instanceKlass android/content/ComponentCallbacks2
instanceKlass android/content/ComponentCallbacks
instanceKlass android/view/View$OnCreateContextMenuListener
instanceKlass android/view/KeyEvent$Callback
instanceKlass android/view/Window$Callback
instanceKlass android/view/LayoutInflater$Factory2
instanceKlass android/view/LayoutInflater$Factory
instanceKlass com/pos/leaders/leaderspossystem/OfferActivity$3
instanceKlass android/widget/AdapterView$OnItemClickListener
instanceKlass com/pos/leaders/leaderspossystem/OfferActivity$5
instanceKlass com/pos/leaders/leaderspossystem/OfferActivity$2
instanceKlass com/pos/leaders/leaderspossystem/OfferActivity$1
instanceKlass android/view/View$OnClickListener
instanceKlass com/pos/leaders/leaderspossystem/OfferActivity$4
instanceKlass android/app/DatePickerDialog$OnDateSetListener
instanceKlass android/content/Context
instanceKlass android/content/ComponentCallbacks2
instanceKlass android/content/ComponentCallbacks
instanceKlass android/view/View$OnCreateContextMenuListener
instanceKlass android/view/KeyEvent$Callback
instanceKlass android/view/Window$Callback
instanceKlass android/view/LayoutInflater$Factory2
instanceKlass android/view/LayoutInflater$Factory
instanceKlass com/pos/leaders/leaderspossystem/OfferActivity$3
instanceKlass android/widget/AdapterView$OnItemClickListener
instanceKlass com/pos/leaders/leaderspossystem/OfferActivity$5
instanceKlass com/pos/leaders/leaderspossystem/OfferActivity$2
instanceKlass com/pos/leaders/leaderspossystem/OfferActivity$1
instanceKlass android/view/View$OnClickListener
instanceKlass com/pos/leaders/leaderspossystem/OfferActivity$4
instanceKlass android/app/DatePickerDialog$OnDateSetListener
instanceKlass org/gradle/cache/internal/btree/FileBackedBlockStore$1
instanceKlass org/gradle/api/internal/artifacts/repositories/resolver/MavenResolver$1
instanceKlass android/content/Context
instanceKlass android/content/ComponentCallbacks2
instanceKlass android/content/ComponentCallbacks
instanceKlass android/view/View$OnCreateContextMenuListener
instanceKlass android/view/KeyEvent$Callback
instanceKlass android/view/Window$Callback
instanceKlass android/view/LayoutInflater$Factory2
instanceKlass android/view/LayoutInflater$Factory
instanceKlass com/pos/leaders/leaderspossystem/DataBaseAdapter/ProductDBAdapter
instanceKlass android/content/Context
instanceKlass android/content/ComponentCallbacks2
instanceKlass android/content/ComponentCallbacks
instanceKlass android/view/View$OnCreateContextMenuListener
instanceKlass android/view/KeyEvent$Callback
instanceKlass android/view/Window$Callback
instanceKlass android/view/LayoutInflater$Factory2
instanceKlass android/view/LayoutInflater$Factory
instanceKlass com/pos/leaders/leaderspossystem/OfferActivity$3
instanceKlass com/pos/leaders/leaderspossystem/DataBaseAdapter/ProductDBAdapter
instanceKlass com/pos/leaders/leaderspossystem/Models/Department
instanceKlass com/pos/leaders/leaderspossystem/OfferActivity$4
instanceKlass android/app/DatePickerDialog$OnDateSetListener
instanceKlass java/lang/invoke/LambdaForm$MH
instanceKlass com/android/build/gradle/tasks/PreColdSwapTask$$Lambda$229
instanceKlass com/android/build/gradle/internal/transforms/InstantRunDex$JarClassesBuilder
instanceKlass java/lang/invoke/LambdaForm$MH
instanceKlass com/android/build/gradle/internal/pipeline/TransformTask$$Lambda$228
instanceKlass org/gradle/api/internal/changedetection/rules/DescriptiveChange
instanceKlass com/android/build/gradle/internal/incremental/IncrementalChangeVisitor$1
instanceKlass android/content/Context
instanceKlass android/content/ComponentCallbacks2
instanceKlass android/content/ComponentCallbacks
instanceKlass android/view/View$OnCreateContextMenuListener
instanceKlass android/view/KeyEvent$Callback
instanceKlass android/view/Window$Callback
instanceKlass android/view/LayoutInflater$Factory2
instanceKlass android/view/LayoutInflater$Factory
instanceKlass com/sun/tools/javac/comp/Infer$IncorporationBinaryOp
instanceKlass com/sun/tools/javac/code/Type$UndetVar$2
instanceKlass com/sun/tools/javac/comp/Infer$MultiUndetVarListener
instanceKlass com/sun/tools/javac/comp/Infer$BoundFilter
instanceKlass org/gradle/internal/typeconversion/NotationConverterToNotationParserAdapter$1
instanceKlass java/util/ArrayDeque$1
instanceKlass org/gradle/api/internal/file/delete/DefaultDeleteSpec
instanceKlass org/gradle/api/internal/file/delete/Deleter$1
instanceKlass com/google/common/util/concurrent/Futures$1
instanceKlass sun/security/jca/GetInstance$1
instanceKlass org/gradle/api/internal/tasks/compile/incremental/RecompilationSpecProvider$InputChangeAction
instanceKlass org/gradle/api/internal/tasks/compile/incremental/jar/JarChangeProcessor
instanceKlass org/gradle/api/internal/tasks/compile/incremental/ClassChangeProcessor
instanceKlass org/gradle/api/internal/tasks/compile/incremental/JavaChangeProcessor
instanceKlass org/gradle/api/internal/tasks/compile/incremental/recomp/RecompilationSpec
instanceKlass org/gradle/api/internal/tasks/compile/incremental/SelectiveCompiler
instanceKlass org/gradle/api/internal/tasks/compile/incremental/deps/ClassSetAnalysis
instanceKlass org/gradle/api/internal/tasks/compile/incremental/jar/PreviousCompilation
instanceKlass com/android/dx/cf/iface/ParseObserver
instanceKlass com/android/build/gradle/internal/incremental/InstantRunVerifier$2
instanceKlass com/android/build/gradle/internal/incremental/InstantRunVerifier$1
instanceKlass com/android/build/gradle/internal/incremental/InstantRunVerifier$$Lambda$227
instanceKlass com/android/build/gradle/internal/incremental/InstantRunVerifier$$Lambda$226
instanceKlass com/android/build/gradle/internal/incremental/InstantRunVerifier$$Lambda$225
instanceKlass com/android/build/gradle/internal/incremental/InstantRunVerifier$AnnotationNodeComparator
instanceKlass com/android/build/gradle/internal/incremental/InstantRunVerifier$MethodNodeComparator
instanceKlass com/android/build/gradle/internal/incremental/InstantRunVerifier$Comparator
instanceKlass com/android/build/gradle/internal/incremental/InstantRunVerifier
instanceKlass com/android/build/gradle/internal/incremental/InstantRunVerifier$ClassBytesFileProvider
instanceKlass sun/nio/fs/WindowsPath$1
instanceKlass org/gradle/launcher/daemon/server/DaemonRegistryUnavailableExpirationStrategy$1
instanceKlass org/gradle/cache/internal/SimpleStateCache$1
instanceKlass org/gradle/launcher/daemon/server/DaemonExpirationResult
instanceKlass org/gradle/internal/remote/internal/inet/SocketConnection$1
instanceKlass org/gradle/launcher/daemon/registry/PersistentDaemonRegistry$3
instanceKlass org/apache/tools/ant/IntrospectionHelper$NestedCreator
instanceKlass org/apache/tools/ant/IntrospectionHelper$AttributeSetter
instanceKlass org/apache/tools/ant/IntrospectionHelper
instanceKlass org/gradle/tooling/internal/provider/SerializedPayload
instanceKlass org/gradle/tooling/internal/provider/DefaultPayloadClassLoaderRegistry$1
instanceKlass org/gradle/tooling/internal/provider/BuildActionResult
instanceKlass org/gradle/tooling/internal/provider/jdk6/Jdk6ClassLookup
instanceKlass org/gradle/tooling/internal/provider/DefaultPayloadClassLoaderRegistry$DetailsToClassLoaderTransformer
instanceKlass org/gradle/tooling/internal/provider/DefaultPayloadClassLoaderRegistry$ClassLoaderToDetailsTransformer
instanceKlass org/gradle/tooling/internal/provider/SerializeMap
instanceKlass org/gradle/tooling/internal/provider/DeserializeMap
instanceKlass org/gradle/tooling/internal/provider/DefaultPayloadClassLoaderRegistry
instanceKlass org/gradle/tooling/internal/provider/ModelClassLoaderFactory
instanceKlass org/gradle/tooling/internal/provider/DaemonSidePayloadClassLoaderFactory
instanceKlass com/google/protobuf/SmallSortedMap$EntryIterator
instanceKlass com/google/protobuf/GeneratedMessage$ExtendableMessage$ExtensionWriter
instanceKlass com/android/tools/analytics/JournalingUsageTracker$1
instanceKlass com/google/protobuf/ByteString$CodedBuilder
instanceKlass com/google/protobuf/WireFormat
instanceKlass com/google/protobuf/CodedOutputStream
instanceKlass com/google/wireless/android/play/playlog/proto/ClientAnalytics$LogEventKeyValuesOrBuilder
instanceKlass com/google/wireless/android/play/playlog/proto/ClientAnalytics$NetworkConnectionInfo$NetworkType$1
instanceKlass com/google/wireless/android/play/playlog/proto/ClientAnalytics$LogEvent$InternalEvent$1
instanceKlass com/google/protobuf/LazyStringList
instanceKlass com/google/protobuf/ByteString$ByteIterator
instanceKlass com/google/protobuf/ByteString
instanceKlass com/google/protobuf/SmallSortedMap$EmptySet$2
instanceKlass com/google/protobuf/SmallSortedMap$EmptySet$1
instanceKlass com/google/protobuf/SmallSortedMap$EmptySet
instanceKlass com/google/protobuf/FieldSet
instanceKlass com/google/wireless/android/play/playlog/proto/ClientAnalytics$NetworkConnectionInfoOrBuilder
instanceKlass com/google/wireless/android/play/playlog/proto/ClientAnalytics$ActiveExperimentsOrBuilder
instanceKlass com/google/wireless/android/play/playlog/proto/ClientAnalytics$ExperimentIdsOrBuilder
instanceKlass com/google/wireless/android/play/playlog/proto/ClientAnalytics$AppUsage1pLogEventOrBuilder
instanceKlass com/google/wireless/android/play/playlog/proto/ClientAnalytics$LogEventOrBuilder
instanceKlass com/google/protobuf/GeneratedMessage$ExtendableMessageOrBuilder
instanceKlass com/google/wireless/android/sdk/stats/AndroidStudioStats$JvmDetails$GarbageCollector$1
instanceKlass com/google/wireless/android/sdk/stats/AndroidStudioStats$UIActionStats$InvocationKind$1
instanceKlass com/google/wireless/android/sdk/stats/AndroidStudioStats$Hypervisor$HyperVState$1
instanceKlass com/google/wireless/android/sdk/stats/AndroidStudioStats$EmulatorUiEvent$EmulatorUiEventContext$1
instanceKlass com/google/wireless/android/sdk/stats/AndroidStudioStats$EmulatorUiEvent$EmulatorUiEventType$1
instanceKlass com/google/wireless/android/sdk/stats/AndroidStudioStats$TestRun$TestKind$1
instanceKlass com/google/wireless/android/sdk/stats/AndroidStudioStats$TestRun$TestInvocationType$1
instanceKlass com/google/wireless/android/sdk/stats/AndroidStudioStats$TestLibrariesOrBuilder
instanceKlass com/google/wireless/android/sdk/stats/AndroidStudioStats$EmulatorDetails$EmulatorSessionPhase$1
instanceKlass com/google/wireless/android/sdk/stats/AndroidStudioStats$EmulatorDetails$EmulatorAdbLiveness$1
instanceKlass com/google/wireless/android/sdk/stats/AndroidStudioStats$EmulatorDetails$GuestCpuArchitecture$1
instanceKlass com/google/wireless/android/sdk/stats/AndroidStudioStats$EmulatorGuestGlInfoOrBuilder
instanceKlass com/google/wireless/android/sdk/stats/AndroidStudioStats$InstantRun$InstantRunIdeBuildCause$1
instanceKlass com/google/wireless/android/sdk/stats/AndroidStudioStats$InstantRun$InstantRunBuildCause$1
instanceKlass com/google/wireless/android/sdk/stats/AndroidStudioStats$InstantRun$InstantRunDeploymentKind$1
instanceKlass com/google/wireless/android/sdk/stats/AndroidStudioStats$AndroidStudioEvent$TemplateRenderer$1
instanceKlass com/google/wireless/android/sdk/stats/AndroidStudioStats$AndroidStudioEvent$GradleSyncFailure$1
instanceKlass com/google/wireless/android/sdk/stats/AndroidStudioStats$AndroidStudioEvent$DeveloperServiceKind$1
instanceKlass com/google/wireless/android/sdk/stats/AndroidStudioStats$DeviceInfo$DeviceType$1
instanceKlass com/google/wireless/android/sdk/stats/AndroidStudioStats$DeviceInfo$ApplicationBinaryInterface$1
instanceKlass com/google/wireless/android/sdk/stats/AndroidStudioStats$AndroidStudioEvent$DebuggerType$1
instanceKlass com/google/wireless/android/sdk/stats/AndroidStudioStats$AndroidStudioEvent$RunConfigurationType$1
instanceKlass com/google/wireless/android/sdk/stats/AndroidStudioStats$AndroidStudioEvent$ProfilerCaptureType$1
instanceKlass com/google/wireless/android/sdk/stats/AndroidStudioStats$AndroidStudioEvent$MonitorType$1
instanceKlass com/google/wireless/android/sdk/stats/AndroidStudioStats$ProductDetails$SoftwareLifeCycleChannel$1
instanceKlass com/google/wireless/android/sdk/stats/AndroidStudioStats$ProductDetails$CpuArchitecture$1
instanceKlass com/google/wireless/android/sdk/stats/AndroidStudioStats$ProductDetails$ProductKind$1
instanceKlass com/google/wireless/android/sdk/stats/AndroidStudioStats$AndroidStudioEvent$EventKind$1
instanceKlass com/google/wireless/android/sdk/stats/AndroidStudioStats$AndroidStudioEvent$EventCategory$1
instanceKlass com/google/wireless/android/sdk/stats/AndroidStudioStats$EmulatorHostOrBuilder
instanceKlass com/google/wireless/android/sdk/stats/AndroidStudioStats$HypervisorOrBuilder
instanceKlass com/google/wireless/android/sdk/stats/AndroidStudioStats$EmulatorUiEventOrBuilder
instanceKlass com/google/wireless/android/sdk/stats/AndroidStudioStats$TestRunOrBuilder
instanceKlass com/google/wireless/android/sdk/stats/AndroidStudioStats$EmulatorDetailsOrBuilder
instanceKlass com/google/wireless/android/sdk/stats/AndroidStudioStats$MetaMetricsOrBuilder
instanceKlass com/google/wireless/android/sdk/stats/AndroidStudioStats$InstantRunOrBuilder
instanceKlass com/google/wireless/android/sdk/stats/AndroidStudioStats$GradleBuildDetailsOrBuilder
instanceKlass com/google/wireless/android/sdk/stats/AndroidStudioStats$StudioCrashOrBuilder
instanceKlass com/google/wireless/android/sdk/stats/AndroidStudioStats$DeviceInfoOrBuilder
instanceKlass com/google/wireless/android/sdk/stats/AndroidStudioStats$ProductDetailsOrBuilder
instanceKlass com/google/wireless/android/sdk/stats/AndroidStudioStats$AndroidStudioEventOrBuilder
instanceKlass org/gradle/internal/logging/text/AbstractStyledTextOutput$StyleOverrideTextOutput
instanceKlass com/google/wireless/android/sdk/stats/AndroidStudioStats$InstantRunArtifact$Type$1
instanceKlass com/android/build/gradle/internal/incremental/InstantRunAnalyticsHelper$1
instanceKlass com/android/build/gradle/internal/incremental/InstantRunAnalyticsHelper
instanceKlass com/android/builder/files/RelativeFiles$$Lambda$224
instanceKlass com/android/builder/files/RelativeFiles
instanceKlass com/android/builder/internal/packaging/sign/v2/ApkSignerV2$V2SignatureSchemeBlock$Signer
instanceKlass com/android/builder/internal/packaging/sign/v2/ApkSignerV2$V2SignatureSchemeBlock$SignedData
instanceKlass com/android/builder/internal/packaging/sign/v2/ZFileDigestSource
instanceKlass com/android/builder/internal/packaging/sign/v2/ByteArrayDigestSource
instanceKlass com/android/builder/internal/packaging/sign/v2/ApkSignerV2$SignerConfig
instanceKlass org/bouncycastle/asn1/DEROctetStringParser
instanceKlass org/bouncycastle/asn1/DERSequenceParser
instanceKlass org/bouncycastle/asn1/DERSetParser
instanceKlass org/bouncycastle/asn1/BERTaggedObjectParser
instanceKlass org/bouncycastle/asn1/BERSequenceParser
instanceKlass org/bouncycastle/asn1/ASN1StreamParser
instanceKlass org/bouncycastle/asn1/OIDTokenizer
instanceKlass org/bouncycastle/asn1/ASN1OutputStream
instanceKlass org/bouncycastle/asn1/eac/EACObjectIdentifiers
instanceKlass java/security/cert/CertStoreParameters
instanceKlass org/bouncycastle/x509/X509StoreParameters
instanceKlass org/bouncycastle/cms/CMSSignedHelper
instanceKlass org/bouncycastle/cms/CMSSignedData
instanceKlass sun/security/rsa/RSACore$BlindingRandomPair
instanceKlass sun/security/jca/JCAUtil$CachedSecureRandomHolder
instanceKlass sun/security/jca/JCAUtil
instanceKlass sun/security/rsa/RSACore$BlindingParameters
instanceKlass org/bouncycastle/cms/CMSUtils
instanceKlass org/bouncycastle/operator/jcajce/JcaDigestCalculatorProviderBuilder$1$1
instanceKlass org/bouncycastle/operator/DefaultDigestAlgorithmIdentifierFinder
instanceKlass org/bouncycastle/operator/DigestAlgorithmIdentifierFinder
instanceKlass org/bouncycastle/cms/SignerInfoGenerator
instanceKlass org/bouncycastle/cms/DefaultCMSSignatureEncryptionAlgorithmFinder
instanceKlass org/bouncycastle/cms/CMSSignatureEncryptionAlgorithmFinder
instanceKlass org/bouncycastle/cms/SignerInfoGeneratorBuilder
instanceKlass org/bouncycastle/operator/DigestCalculator
instanceKlass org/bouncycastle/operator/jcajce/JcaDigestCalculatorProviderBuilder$1
instanceKlass org/bouncycastle/operator/DigestCalculatorProvider
instanceKlass org/bouncycastle/operator/jcajce/JcaDigestCalculatorProviderBuilder
instanceKlass org/bouncycastle/cms/jcajce/JcaSignerInfoGeneratorBuilder
instanceKlass org/bouncycastle/operator/jcajce/JcaContentSignerBuilder$1
instanceKlass sun/security/rsa/RSAPadding
instanceKlass sun/security/rsa/RSACore
instanceKlass org/bouncycastle/util/Strings
instanceKlass org/bouncycastle/operator/DefaultSignatureAlgorithmIdentifierFinder
instanceKlass org/bouncycastle/operator/SignatureAlgorithmIdentifierFinder
instanceKlass org/bouncycastle/jcajce/DefaultJcaJceHelper
instanceKlass org/bouncycastle/asn1/kisa/KISAObjectIdentifiers
instanceKlass org/bouncycastle/asn1/ntt/NTTObjectIdentifiers
instanceKlass org/bouncycastle/operator/jcajce/OperatorHelper
instanceKlass org/bouncycastle/operator/ContentSigner
instanceKlass org/bouncycastle/jcajce/JcaJceHelper
instanceKlass org/bouncycastle/operator/jcajce/JcaContentSignerBuilder
instanceKlass org/bouncycastle/asn1/x9/X9ObjectIdentifiers
instanceKlass org/bouncycastle/asn1/teletrust/TeleTrusTObjectIdentifiers
instanceKlass org/bouncycastle/asn1/cryptopro/CryptoProObjectIdentifiers
instanceKlass org/bouncycastle/asn1/nist/NISTObjectIdentifiers
instanceKlass org/bouncycastle/asn1/oiw/OIWObjectIdentifiers
instanceKlass org/bouncycastle/cms/CMSAttributeTableGenerator
instanceKlass org/bouncycastle/cms/CMSSignedGenerator
instanceKlass org/bouncycastle/asn1/x509/X509ObjectIdentifiers
instanceKlass org/bouncycastle/asn1/x500/style/BCStyle
instanceKlass org/bouncycastle/asn1/x500/X500NameStyle
instanceKlass org/bouncycastle/asn1/ASN1Choice
instanceKlass org/bouncycastle/asn1/ASN1TaggedObjectParser
instanceKlass org/bouncycastle/asn1/ASN1SetParser
instanceKlass org/bouncycastle/asn1/ASN1SequenceParser
instanceKlass org/bouncycastle/asn1/DERFactory
instanceKlass org/bouncycastle/util/Arrays
instanceKlass org/bouncycastle/util/io/Streams
instanceKlass org/bouncycastle/asn1/ASN1EncodableVector
instanceKlass org/bouncycastle/asn1/StreamUtil
instanceKlass org/bouncycastle/asn1/ASN1String
instanceKlass org/bouncycastle/asn1/ASN1OctetStringParser
instanceKlass org/bouncycastle/asn1/InMemoryRepresentable
instanceKlass org/bouncycastle/asn1/BERTags
instanceKlass org/bouncycastle/cert/X509CertificateHolder
instanceKlass org/bouncycastle/util/CollectionStore
instanceKlass org/bouncycastle/asn1/pkcs/PKCSObjectIdentifiers
instanceKlass org/bouncycastle/asn1/cms/CMSObjectIdentifiers
instanceKlass org/bouncycastle/asn1/ASN1Object
instanceKlass org/bouncycastle/cms/CMSProcessableByteArray
instanceKlass org/bouncycastle/cms/CMSReadable
instanceKlass com/android/builder/internal/packaging/sign/SignatureExtension$1$$Lambda$223
instanceKlass com/android/builder/internal/packaging/sign/SignatureExtension$1$$Lambda$222
instanceKlass com/google/common/util/concurrent/Futures$2
instanceKlass com/android/builder/internal/packaging/zip/ZFile$$Lambda$221
instanceKlass com/android/builder/internal/packaging/zip/CompressionResult
instanceKlass com/android/builder/internal/packaging/zip/ZFile$2
instanceKlass com/android/builder/internal/packaging/zip/compress/ExecutorCompressor$$Lambda$220
instanceKlass com/google/common/primitives/UnsignedInts
instanceKlass java/security/spec/MGF1ParameterSpec
instanceKlass java/security/spec/PSSParameterSpec
instanceKlass com/android/builder/internal/packaging/sign/v2/ApkSignerV2
instanceKlass com/android/builder/internal/packaging/sign/v2/DigestSource
instanceKlass com/android/builder/internal/packaging/sign/FullApkSignExtension
instanceKlass com/android/builder/internal/packaging/sign/SignatureExtension$$Lambda$219
instanceKlass com/android/builder/internal/packaging/sign/SignatureExtension$$Lambda$218
instanceKlass com/android/builder/internal/packaging/sign/SignatureExtension$$Lambda$217
instanceKlass com/android/builder/internal/packaging/sign/SignatureExtension$$Lambda$216
instanceKlass org/bouncycastle/asn1/ASN1Encodable
instanceKlass org/bouncycastle/cms/CMSTypedData
instanceKlass org/bouncycastle/cms/CMSProcessable
instanceKlass org/bouncycastle/util/Store
instanceKlass com/android/builder/internal/packaging/sign/SignatureExtension
instanceKlass com/android/ide/common/signing/CertificateInfo
instanceKlass java/security/KeyStore$PrivateKeyEntry
instanceKlass java/security/KeyStore$Entry
instanceKlass sun/security/pkcs/EncryptedPrivateKeyInfo
instanceKlass sun/security/provider/KeyProtector
instanceKlass sun/security/provider/JavaKeyStore$TrustedCertEntry
instanceKlass java/security/KeyStore$PasswordProtection
instanceKlass sun/security/pkcs/PKCS8Key
instanceKlass java/security/interfaces/RSAPrivateCrtKey
instanceKlass java/security/interfaces/RSAPrivateKey
instanceKlass java/security/interfaces/RSAPublicKey
instanceKlass java/security/interfaces/RSAKey
instanceKlass java/security/spec/RSAPrivateKeySpec
instanceKlass java/security/spec/RSAPublicKeySpec
instanceKlass sun/security/rsa/SunRsaSignEntries
instanceKlass sun/security/provider/JavaKeyStore$KeyEntry
instanceKlass sun/security/provider/KeyStoreDelegator$1
instanceKlass java/security/KeyStoreSpi
instanceKlass com/android/build/gradle/internal/ExtraModelInfo$1
instanceKlass com/android/ide/common/blame/parser/util/OutputLineReader
instanceKlass com/android/dex/Dex$1
instanceKlass com/android/dx/io/CodeReader$1
instanceKlass com/android/dx/io/OpcodeInfo$Info
instanceKlass com/android/dx/io/OpcodeInfo
instanceKlass com/android/dx/io/instructions/AddressMap
instanceKlass com/android/dx/io/instructions/BaseCodeCursor
instanceKlass com/android/dx/io/instructions/CodeInput
instanceKlass com/android/dx/io/instructions/DecodedInstruction
instanceKlass com/android/dex/Code
instanceKlass com/android/dex/Code$CatchHandler
instanceKlass com/android/dex/Code$Try
instanceKlass com/android/dex/ClassData
instanceKlass com/android/dex/ClassData$Method
instanceKlass com/android/dex/ClassData$Field
instanceKlass com/android/dx/merge/SortableType$1
instanceKlass com/android/dex/ClassDef
instanceKlass com/android/dex/Dex$ClassDefIterator
instanceKlass com/android/dex/Dex$ClassDefIterable
instanceKlass com/android/dx/merge/SortableType
instanceKlass com/android/dex/util/ByteArrayByteInput
instanceKlass com/android/dx/merge/IndexMap$EncodedValueTransformer
instanceKlass com/android/dex/EncodedValue
instanceKlass com/android/dex/Annotation
instanceKlass com/android/dex/EncodedValueReader
instanceKlass com/android/dex/MethodId
instanceKlass com/android/dex/FieldId
instanceKlass com/android/dex/ProtoId
instanceKlass com/android/dex/util/Unsigned
instanceKlass com/android/dx/merge/DexMerger$IdMerger$UnsortedValue
instanceKlass com/android/dex/TypeList
instanceKlass com/android/dex/Mutf8
instanceKlass com/android/dx/merge/DexMerger$IdMerger
instanceKlass com/android/build/gradle/internal/transforms/DexTransform$$Lambda$215
instanceKlass com/android/dx/dex/file/AnnotationItem$1
instanceKlass com/android/dex/EncodedValueCodec
instanceKlass com/android/dx/rop/code/RegisterSpecList$Expander
instanceKlass com/android/dx/dex/code/CatchTable$Entry
instanceKlass com/android/dx/dex/code/CatchHandlerList$Entry
instanceKlass com/android/dx/dex/file/CatchStructs
instanceKlass com/android/dx/rop/cst/Zeroes
instanceKlass com/android/dx/dex/file/FieldAnnotationStruct
instanceKlass com/android/dx/cf/code/Ropper$ExceptionHandlerSetup
instanceKlass com/android/dx/dex/file/MethodAnnotationStruct
instanceKlass com/android/dx/cf/direct/DirectClassFile$DcfTypeList
instanceKlass com/google/common/base/Stopwatch$1
instanceKlass com/android/builder/internal/compiler/DexWrapper$DexProcessResult
instanceKlass com/android/dx/merge/InstructionTransformer$MethodVisitor
instanceKlass com/android/dx/merge/InstructionTransformer$FieldVisitor
instanceKlass com/android/dx/merge/InstructionTransformer$TypeVisitor
instanceKlass com/android/dx/merge/InstructionTransformer$StringVisitor
instanceKlass com/android/dx/merge/InstructionTransformer$GenericVisitor
instanceKlass com/android/dx/io/CodeReader
instanceKlass com/android/dx/io/instructions/CodeOutput
instanceKlass com/android/dx/io/instructions/CodeCursor
instanceKlass com/android/dx/io/CodeReader$Visitor
instanceKlass com/android/dx/merge/InstructionTransformer
instanceKlass com/android/dx/merge/IndexMap
instanceKlass com/android/dx/merge/DexMerger$WriterSizes
instanceKlass com/android/dx/merge/DexMerger
instanceKlass com/android/dex/Dex$Section
instanceKlass com/android/dex/util/ByteInput
instanceKlass com/android/dex/TableOfContents$Section
instanceKlass com/android/dex/TableOfContents
instanceKlass com/android/dex/Dex
instanceKlass java/util/zip/Adler32
instanceKlass com/android/dex/DexFormat
instanceKlass com/android/dx/dex/file/DebugInfoEncoder$2
instanceKlass com/android/dx/dex/file/DebugInfoEncoder$1
instanceKlass com/android/dx/util/ByteArrayAnnotatedOutput
instanceKlass com/android/dx/dex/file/DebugInfoEncoder
instanceKlass com/android/dx/dex/code/LocalList$Entry
instanceKlass com/android/dx/dex/code/LocalList$MakeState
instanceKlass com/android/dx/dex/code/PositionList$Entry
instanceKlass com/android/dx/dex/file/CodeItem$1
instanceKlass com/android/dx/dex/file/MixedItemSection$2
instanceKlass com/android/dex/Leb128
instanceKlass com/android/dx/ssa/back/FirstFitLocalCombiningAllocator$Multiset
instanceKlass com/android/dx/dex/code/DalvCode
instanceKlass com/android/dx/dex/code/StdCatchBuilder
instanceKlass com/android/dx/dex/code/RopToDop
instanceKlass com/android/dx/dex/code/OutputFinisher
instanceKlass com/android/dx/dex/code/OutputCollector
instanceKlass com/android/dx/rop/code/Insn$BaseVisitor
instanceKlass com/android/dx/io/Opcodes
instanceKlass com/android/dx/dex/code/InsnFormat
instanceKlass com/android/dx/dex/code/Dop
instanceKlass com/android/dx/dex/code/Dops
instanceKlass com/android/dx/dex/code/BlockAddresses
instanceKlass com/android/dx/dex/code/DalvInsn
instanceKlass com/android/dx/dex/code/CatchBuilder
instanceKlass com/android/dx/dex/code/RopTranslator$TranslationVisitor
instanceKlass com/android/dx/dex/code/RopTranslator
instanceKlass com/android/dx/rop/code/LocalVariableExtractor
instanceKlass com/android/dx/ssa/back/IdenticalBlockCombiner
instanceKlass com/android/dx/ssa/back/SsaToRop$1
instanceKlass com/android/dx/ssa/back/SsaToRop$PhiVisitor
instanceKlass com/android/dx/ssa/back/FirstFitLocalCombiningAllocator$1
instanceKlass com/android/dx/ssa/back/LivenessAnalyzer$1
instanceKlass com/android/dx/ssa/PhiInsn$Operand
instanceKlass com/android/dx/ssa/back/InterferenceGraph
instanceKlass com/android/dx/ssa/back/LivenessAnalyzer
instanceKlass com/android/dx/ssa/back/RegisterAllocator
instanceKlass com/android/dx/ssa/back/SsaToRop
instanceKlass com/android/dx/ssa/PhiTypeResolver
instanceKlass com/android/dx/ssa/ConstCollector$1
instanceKlass com/android/dx/ssa/ConstCollector
instanceKlass com/android/dx/ssa/SsaMethod$1
instanceKlass com/android/dx/ssa/LiteralOpUpgrader$1
instanceKlass com/android/dx/ssa/LiteralOpUpgrader
instanceKlass com/android/dx/ssa/DeadCodeRemover$NoSideEffectVisitor
instanceKlass com/android/dx/ssa/DeadCodeRemover
instanceKlass com/android/dx/ssa/SsaMethod$2
instanceKlass com/android/dx/ssa/SCCP
instanceKlass com/android/dx/ssa/MoveParamCombiner$1
instanceKlass com/android/dx/ssa/MoveParamCombiner
instanceKlass com/android/dx/ssa/SsaRenamer$BlockRenamer$1
instanceKlass com/android/dx/ssa/RegisterMapper
instanceKlass com/android/dx/ssa/PhiInsn$Visitor
instanceKlass com/android/dx/ssa/SsaRenamer$BlockRenamer
instanceKlass com/android/dx/ssa/SsaRenamer$1
instanceKlass com/android/dx/ssa/SsaRenamer
instanceKlass com/android/dx/util/BitIntSet$1
instanceKlass com/android/dx/util/IntIterator
instanceKlass com/android/dx/util/BitIntSet
instanceKlass com/android/dx/util/IntSet
instanceKlass com/android/dx/ssa/SetFactory
instanceKlass com/android/dx/ssa/Dominators$DfsWalker
instanceKlass com/android/dx/ssa/Dominators$DFSInfo
instanceKlass com/android/dx/ssa/SsaBasicBlock$Visitor
instanceKlass com/android/dx/ssa/Dominators
instanceKlass com/android/dx/ssa/DomFront$DomInfo
instanceKlass com/android/dx/ssa/DomFront
instanceKlass com/android/dx/ssa/LocalVariableExtractor
instanceKlass com/android/dx/ssa/SsaBasicBlock$LabelComparator
instanceKlass com/android/dx/ssa/SsaBasicBlock
instanceKlass com/android/dx/rop/code/BasicBlockList$RegCountVisitor
instanceKlass com/android/dx/ssa/SsaInsn
instanceKlass com/android/dx/ssa/SsaInsn$Visitor
instanceKlass com/android/dx/ssa/SsaMethod
instanceKlass com/android/dx/ssa/SsaConverter
instanceKlass com/android/dx/ssa/Optimizer
instanceKlass com/android/dx/rop/code/RopMethod
instanceKlass com/android/dx/rop/code/Insn$Visitor
instanceKlass com/android/dx/cf/code/Merger
instanceKlass com/android/dx/rop/code/BasicBlock
instanceKlass com/android/dx/rop/code/Exceptions
instanceKlass com/android/dx/rop/code/Rop
instanceKlass com/android/dx/rop/code/Rops
instanceKlass com/android/dx/rop/code/RegisterSpec
instanceKlass com/android/dx/rop/code/LocalItem
instanceKlass com/android/dx/rop/code/SourcePosition
instanceKlass com/android/dx/cf/code/Ropper$LabelAllocator
instanceKlass com/android/dx/cf/code/Ropper$CatchInfo
instanceKlass com/android/dx/cf/code/Ropper$Subroutine
instanceKlass com/android/dx/cf/code/Frame
instanceKlass com/android/dx/cf/code/Simulator$SimVisitor
instanceKlass com/android/dx/cf/code/Simulator
instanceKlass com/android/dx/cf/code/BaseMachine
instanceKlass com/android/dx/cf/code/ByteBlock
instanceKlass com/android/dx/util/LabeledItem
instanceKlass com/android/dx/cf/code/ByteCatchList$Item
instanceKlass com/android/dx/cf/code/ByteOps
instanceKlass com/android/dx/util/Bits
instanceKlass com/android/dx/cf/code/BasicBlocker
instanceKlass com/android/dx/rop/code/BasicBlock$Visitor
instanceKlass com/android/dx/rop/code/Insn
instanceKlass com/android/dx/cf/code/Machine
instanceKlass com/android/dx/cf/code/Ropper
instanceKlass com/android/dx/rop/code/DexTranslationAdvice
instanceKlass com/android/dx/cf/code/ConcreteMethod
instanceKlass com/android/dx/dex/file/EncodedMember
instanceKlass com/android/dx/dex/file/ValueEncoder
instanceKlass com/android/dx/dex/file/AnnotationItem$TypeIdSorter
instanceKlass com/android/dx/rop/annotation/NameValuePair
instanceKlass com/android/dx/dex/file/AnnotationUtils
instanceKlass com/android/dx/dex/cf/AttributeTranslator
instanceKlass com/android/dx/rop/code/TranslationAdvice
instanceKlass com/android/dx/dex/code/DalvCode$AssignIndicesCallback
instanceKlass com/android/dx/dex/cf/CfTranslator
instanceKlass com/android/dx/command/dexer/Main$ClassDefItemConsumer
instanceKlass com/android/dx/command/dexer/Main$ClassTranslatorTask
instanceKlass com/android/dx/cf/attrib/InnerClassList$Item
instanceKlass com/android/dx/util/Hex
instanceKlass com/android/dx/rop/code/AccessFlags
instanceKlass com/android/dx/cf/code/LineNumberList$Item
instanceKlass com/android/dx/cf/code/LocalVariableList$Item
instanceKlass com/android/dx/cf/code/BytecodeArray$BaseVisitor
instanceKlass com/android/dx/cf/code/BytecodeArray
instanceKlass com/android/dx/cf/iface/Method
instanceKlass com/android/dx/cf/iface/StdMember
instanceKlass com/android/dx/cf/attrib/BaseAttribute
instanceKlass com/android/dx/cf/direct/AttributeListParser
instanceKlass com/android/dx/cf/iface/Field
instanceKlass com/android/dx/cf/iface/Member
instanceKlass com/android/dx/cf/direct/MemberListParser
instanceKlass com/android/dx/rop/type/Prototype
instanceKlass com/android/dx/rop/type/Type
instanceKlass com/android/dx/util/MutabilityControl
instanceKlass com/android/dx/cf/cst/ConstantPoolParser
instanceKlass com/android/dx/cf/code/BytecodeArray$Visitor
instanceKlass com/android/dx/cf/iface/Attribute
instanceKlass com/android/dx/util/ByteArray
instanceKlass com/android/dx/cf/iface/MethodList
instanceKlass com/android/dx/cf/iface/FieldList
instanceKlass com/android/dx/rop/type/TypeList
instanceKlass com/android/dx/cf/iface/AttributeList
instanceKlass com/android/dx/rop/cst/ConstantPool
instanceKlass com/android/dx/cf/direct/DirectClassFile
instanceKlass com/android/dx/cf/iface/ClassFile
instanceKlass com/android/dx/cf/iface/HasAttribute
instanceKlass com/android/dx/command/dexer/Main$ClassParserTask
instanceKlass com/android/dx/command/dexer/Main$DirectClassFileConsumer
instanceKlass com/android/dx/cf/direct/ClassPathOpener$3
instanceKlass com/android/dex/util/FileUtils
instanceKlass com/android/dx/cf/direct/ClassPathOpener$2
instanceKlass com/android/dx/command/dexer/Main$FileBytesConsumer
instanceKlass com/android/dx/cf/direct/ClassPathOpener$1
instanceKlass com/android/dx/cf/direct/ClassPathOpener
instanceKlass java/util/concurrent/ThreadPoolExecutor$CallerRunsPolicy
instanceKlass com/android/dx/dex/file/MixedItemSection$1
instanceKlass com/android/dx/dex/file/Item
instanceKlass com/android/dx/dex/file/Section
instanceKlass com/android/dx/util/AnnotatedOutput
instanceKlass com/android/dx/util/Output
instanceKlass com/android/dex/util/ByteOutput
instanceKlass com/android/dx/rop/type/TypeBearer
instanceKlass com/android/dx/rop/cst/Constant
instanceKlass com/android/dx/util/ToHuman
instanceKlass com/android/dx/dex/file/DexFile
instanceKlass com/android/dx/cf/direct/ClassPathOpener$Consumer
instanceKlass com/android/dx/cf/direct/ClassPathOpener$FileNameFilter
instanceKlass com/android/dx/cf/direct/AttributeFactory
instanceKlass com/android/dx/command/dexer/Main
instanceKlass com/android/dx/dex/DexOptions
instanceKlass com/android/dx/dex/cf/CfOptions
instanceKlass com/android/dx/command/dexer/Main$Arguments$OutputOptions
instanceKlass com/android/dx/command/dexer/Main$Arguments$ArgumentsParser
instanceKlass com/android/builder/core/DexProcessBuilder$1
instanceKlass com/android/dx/command/dexer/Main$Arguments
instanceKlass com/android/dx/dex/cf/OptimizerOptions
instanceKlass com/android/dx/dex/cf/CodeStatistics
instanceKlass com/android/dx/command/dexer/DxContext
instanceKlass com/android/builder/internal/compiler/DexWrapper
instanceKlass com/android/builder/core/DexByteCodeConverter$$Lambda$214
instanceKlass sun/management/Util
instanceKlass sun/management/RuntimeImpl
instanceKlass java/lang/management/RuntimeMXBean
instanceKlass java/util/zip/ZipFile$ZipEntryIterator
instanceKlass com/android/builder/internal/compiler/PreProcessCache$Item
instanceKlass com/android/build/gradle/internal/transforms/DexTransform$PreDexTask$$Lambda$213
instanceKlass java/lang/invoke/LambdaForm$DMH
instanceKlass com/android/builder/internal/utils/FileCache$Inputs
instanceKlass com/android/builder/internal/utils/FileCache$Inputs$Builder
instanceKlass com/android/build/gradle/internal/transforms/DexTransform$PreDexTask
instanceKlass com/android/build/gradle/internal/transforms/DexTransform$1
instanceKlass com/android/ide/common/blame/parser/DexParser
instanceKlass com/google/common/base/Objects$ToStringHelper$ValueHolder
instanceKlass com/google/common/base/Objects$ToStringHelper
instanceKlass com/android/build/gradle/tasks/PreColdSwapTask$1
instanceKlass com/android/build/gradle/internal/pipeline/IntermediateFolderUtils$4
instanceKlass org/objectweb/asm/Handler
instanceKlass org/objectweb/asm/tree/TryCatchBlockNode
instanceKlass com/android/build/gradle/internal/incremental/StringSwitch$1
instanceKlass com/google/common/collect/Multimaps
instanceKlass com/android/build/gradle/internal/incremental/StringSwitch$$Lambda$212
instanceKlass com/android/build/gradle/internal/incremental/StringSwitch
instanceKlass com/android/build/gradle/internal/incremental/IncrementalSupportVisitor$MethodReference
instanceKlass org/objectweb/asm/Edge
instanceKlass com/android/build/gradle/internal/incremental/Constructor
instanceKlass com/android/build/gradle/internal/incremental/LocalVariable
instanceKlass org/objectweb/asm/util/Printer
instanceKlass com/android/build/gradle/internal/incremental/ByteCodeUtils
instanceKlass org/objectweb/asm/tree/analysis/Subroutine
instanceKlass org/objectweb/asm/tree/analysis/Frame
instanceKlass org/objectweb/asm/tree/analysis/Analyzer
instanceKlass org/objectweb/asm/tree/analysis/BasicValue
instanceKlass org/objectweb/asm/tree/analysis/Value
instanceKlass org/objectweb/asm/Opcodes
instanceKlass org/objectweb/asm/tree/analysis/Interpreter
instanceKlass com/android/build/gradle/internal/incremental/ConstructorBuilder
instanceKlass org/objectweb/asm/commons/Method
instanceKlass com/android/build/gradle/internal/incremental/InstantRunMethodVerifier
instanceKlass org/objectweb/asm/Frame
instanceKlass org/objectweb/asm/tree/LocalVariableNode
instanceKlass org/objectweb/asm/tree/InsnList
instanceKlass org/objectweb/asm/tree/InnerClassNode
instanceKlass org/objectweb/asm/Context
instanceKlass org/objectweb/asm/Attribute
instanceKlass org/objectweb/asm/ClassReader
instanceKlass com/android/build/gradle/internal/incremental/IncrementalSupportVisitor$VisitorBuilder
instanceKlass org/objectweb/asm/Type
instanceKlass com/android/build/gradle/internal/incremental/Redirection
instanceKlass org/objectweb/asm/tree/AbstractInsnNode
instanceKlass com/android/build/gradle/internal/incremental/IncrementalVisitor$VisitorBuilder
instanceKlass com/android/build/gradle/internal/transforms/InstantRunTransform$1
instanceKlass com/android/build/gradle/internal/pipeline/IntermediateFolderUtils$5
instanceKlass com/android/build/gradle/internal/pipeline/TransformOutputProviderImpl
instanceKlass com/android/build/gradle/internal/pipeline/TransformTask$3
instanceKlass com/android/build/api/transform/SecondaryInput
instanceKlass com/android/build/api/transform/JarInput
instanceKlass com/android/build/gradle/internal/transforms/InstantRunVerifierTransform$2
instanceKlass com/android/build/gradle/internal/pipeline/TransformInvocationBuilder$1
instanceKlass com/android/build/api/transform/TransformInvocation
instanceKlass com/android/build/gradle/internal/pipeline/TransformInvocationBuilder
instanceKlass com/google/protobuf/UnknownFieldSet$Builder
instanceKlass com/android/build/gradle/internal/pipeline/TransformTask$$Lambda$211
instanceKlass com/google/common/collect/Iterators$5
instanceKlass com/android/build/gradle/internal/pipeline/TransformTask$$Lambda$210
instanceKlass com/android/build/gradle/internal/pipeline/TransformTask$$Lambda$209
instanceKlass com/android/build/gradle/internal/pipeline/TransformTask$$Lambda$208
instanceKlass com/android/build/gradle/internal/pipeline/TransformTask$$Lambda$207
instanceKlass com/android/ide/common/util/ReferenceHolder
instanceKlass java/util/Vector$Itr
instanceKlass java/util/zip/ZipOutputStream$XEntry
instanceKlass java/util/zip/Deflater
instanceKlass org/objectweb/asm/Label
instanceKlass org/objectweb/asm/Item
instanceKlass org/objectweb/asm/ByteVector
instanceKlass org/objectweb/asm/FieldVisitor
instanceKlass org/objectweb/asm/MethodVisitor
instanceKlass org/objectweb/asm/AnnotationVisitor
instanceKlass org/objectweb/asm/ClassVisitor
instanceKlass com/android/build/gradle/tasks/PackageAndroidArtifact$KnownFilesSaveData$$Lambda$206
instanceKlass java/lang/invoke/LambdaForm$DMH
instanceKlass com/android/build/gradle/tasks/PackageAndroidArtifact$$Lambda$205
instanceKlass com/android/build/gradle/tasks/PackageAndroidArtifact$$Lambda$204
instanceKlass com/android/build/gradle/internal/incremental/InstantRunBuildContext$1
instanceKlass java/util/stream/ForEachOps$ForEachOp
instanceKlass java/util/stream/ForEachOps
instanceKlass com/android/build/gradle/tasks/PackageAndroidArtifact$$Lambda$203
instanceKlass java/util/stream/DistinctOps
instanceKlass com/android/build/gradle/tasks/PackageAndroidArtifact$$Lambda$202
instanceKlass com/android/build/gradle/tasks/PackageAndroidArtifact$$Lambda$201
instanceKlass com/android/builder/internal/packaging/zip/ZFile$$Lambda$200
instanceKlass com/android/builder/internal/packaging/zip/ZFile$$Lambda$199
instanceKlass com/android/builder/internal/packaging/sign/ManifestGenerationExtension$2$$Lambda$198
instanceKlass com/android/builder/internal/packaging/zip/ZFile$$Lambda$197
instanceKlass com/android/builder/internal/packaging/zip/FileUseMap$1
instanceKlass com/android/builder/internal/packaging/zip/ZFile$3
instanceKlass com/android/builder/internal/packaging/IncrementalPackager$$Lambda$196
instanceKlass com/android/builder/internal/packaging/IncrementalPackager$$Lambda$195
instanceKlass java/lang/invoke/LambdaForm$DMH
instanceKlass com/android/builder/internal/packaging/IncrementalPackager$$Lambda$194
instanceKlass com/android/builder/internal/packaging/PackagedFileUpdates
instanceKlass com/android/builder/internal/packaging/IncrementalPackager$1
instanceKlass com/google/common/base/Predicates$AndPredicate
instanceKlass com/google/common/base/Functions$FunctionComposition
instanceKlass com/google/common/base/Predicates$OrPredicate
instanceKlass com/android/builder/internal/packaging/PackagedFileUpdate$3
instanceKlass com/android/builder/internal/packaging/PackagedFileUpdate$2
instanceKlass com/android/builder/internal/packaging/PackagedFileUpdate$1
instanceKlass com/android/builder/internal/packaging/PackagedFileUpdate
instanceKlass com/android/builder/internal/packaging/DexIncrementalRenameManager$DexNameComparator
instanceKlass com/android/builder/internal/packaging/DexIncrementalRenameManager$$Lambda$193
instanceKlass com/google/common/collect/Maps$FilteredEntryBiMap$1
instanceKlass com/android/builder/internal/packaging/DexFileNameSupplier
instanceKlass com/android/builder/files/NativeLibraryAbiPredicate
instanceKlass com/android/builder/internal/packaging/DexIncrementalRenameManager
instanceKlass java/util/Vector$1
instanceKlass com/android/builder/internal/packaging/sign/ManifestGenerationExtension
instanceKlass com/android/builder/internal/packaging/zip/AlignmentRules$$Lambda$192
instanceKlass com/android/builder/internal/packaging/zfile/ZFiles
instanceKlass com/android/builder/internal/packaging/zfile/ApkZFileCreator$1
instanceKlass java/lang/invoke/LambdaForm$MH
instanceKlass java/lang/invoke/LambdaForm$DMH
instanceKlass java/lang/invoke/LambdaForm$DMH
instanceKlass com/android/builder/internal/packaging/zip/AlignmentRules$$Lambda$191
instanceKlass java/lang/invoke/LambdaForm$DMH
instanceKlass com/android/builder/internal/packaging/zfile/ApkZFileCreator
instanceKlass com/android/builder/packaging/ApkCreator
instanceKlass com/android/builder/internal/packaging/zfile/ApkZFileCreatorFactory
instanceKlass com/android/builder/packaging/ApkCreatorFactory
instanceKlass com/android/build/gradle/internal/packaging/ApkCreatorFactories
instanceKlass com/android/build/gradle/tasks/PackageAndroidArtifact$$Lambda$190
instanceKlass com/android/builder/packaging/PackagingUtils$$Lambda$189
instanceKlass com/android/build/gradle/tasks/PackageAndroidArtifact$1
instanceKlass com/android/builder/internal/packaging/zip/ZFile$$Lambda$188
instanceKlass com/android/builder/internal/packaging/zip/ZFile$$Lambda$187
instanceKlass com/android/builder/internal/packaging/zip/ZFile$$Lambda$186
instanceKlass java/lang/invoke/LambdaForm$DMH
instanceKlass com/google/common/collect/Lists$ReverseList$1
instanceKlass com/android/builder/internal/packaging/zip/ZFile$$Lambda$185
instanceKlass com/android/builder/internal/utils/IOExceptionFunction
instanceKlass com/android/builder/internal/utils/IOExceptionRunnable
instanceKlass com/android/builder/internal/packaging/zip/ZFileExtension
instanceKlass com/android/builder/internal/packaging/zip/ProcessedAndRawByteSources
instanceKlass com/android/builder/internal/packaging/zip/StoredEntry$$Lambda$184
instanceKlass com/android/builder/internal/packaging/zip/StoredEntry
instanceKlass com/android/builder/internal/packaging/zip/utils/MsDosDateTimeUtils
instanceKlass com/android/builder/internal/packaging/zip/CentralDirectoryHeader
instanceKlass com/google/common/util/concurrent/Futures$ImmediateFuture
instanceKlass com/android/builder/internal/packaging/zip/CentralDirectoryHeaderCompressInfo
instanceKlass com/android/builder/internal/packaging/zip/EncodeUtils
instanceKlass com/android/builder/internal/packaging/zip/GPFlags
instanceKlass com/android/builder/internal/packaging/zip/CentralDirectory
instanceKlass com/google/common/base/Verify
instanceKlass com/android/builder/internal/packaging/zip/utils/LittleEndianUtils
instanceKlass com/android/builder/internal/packaging/zip/ZipFieldInvariantMaxValue
instanceKlass com/android/builder/internal/packaging/zip/ZipFieldInvariantNonNegative
instanceKlass com/android/builder/internal/packaging/zip/ZipFieldInvariant
instanceKlass com/android/builder/internal/packaging/zip/ZipField
instanceKlass com/android/builder/internal/packaging/zip/utils/CachedSupplier
instanceKlass com/android/builder/internal/packaging/zip/Eocd
instanceKlass com/android/builder/internal/packaging/zip/utils/RandomAccessFileUtils
instanceKlass com/android/builder/internal/packaging/zip/FileUseMapEntry$$Lambda$183
instanceKlass com/android/builder/internal/packaging/zip/FileUseMapEntry$$Lambda$182
instanceKlass com/android/builder/internal/packaging/zip/FileUseMapEntry
instanceKlass com/android/builder/internal/packaging/zip/FileUseMap
instanceKlass com/android/builder/internal/packaging/zip/AlignmentRules$$Lambda$181
instanceKlass com/android/builder/internal/packaging/zip/AlignmentRules
instanceKlass com/android/builder/internal/packaging/zip/AlignmentRule
instanceKlass com/android/builder/internal/packaging/zip/compress/ExecutorCompressor
instanceKlass com/android/builder/internal/packaging/zip/utils/ByteTracker
instanceKlass com/android/builder/internal/packaging/zip/Compressor
instanceKlass com/android/builder/internal/packaging/zip/ZFileOptions
instanceKlass com/android/builder/internal/packaging/zip/ZFile
instanceKlass org/apache/commons/codec/binary/Base64
instanceKlass org/apache/commons/codec/BinaryDecoder
instanceKlass org/apache/commons/codec/Decoder
instanceKlass org/apache/commons/codec/BinaryEncoder
instanceKlass org/apache/commons/codec/Encoder
instanceKlass com/google/common/hash/Hashing$Sha1Holder
instanceKlass com/android/builder/files/IncrementalRelativeFileSets$1
instanceKlass com/google/common/base/Functions$ConstantFunction
instanceKlass com/google/common/base/Functions
instanceKlass com/android/builder/files/IncrementalRelativeFileSets
instanceKlass com/google/common/base/Predicates$CompositionPredicate
instanceKlass com/google/common/base/Predicates$IsEqualToPredicate
instanceKlass com/google/common/hash/Funnel
instanceKlass com/google/common/hash/Funnels
instanceKlass com/google/common/hash/Hashing$Crc32Holder
instanceKlass com/android/builder/files/RelativeFile$3
instanceKlass com/android/builder/files/RelativeFile$2
instanceKlass com/android/builder/files/RelativeFile$1
instanceKlass com/android/builder/files/RelativeFile
instanceKlass com/android/builder/internal/utils/CachedFileContents
instanceKlass com/android/builder/packaging/PackagingUtils
instanceKlass com/google/common/collect/ImmutableSet$SerializedForm
instanceKlass com/google/common/collect/ImmutableMap$SerializedForm
instanceKlass com/google/common/collect/ImmutableList$SerializedForm
instanceKlass org/gradle/api/internal/tasks/compile/incremental/jar/JarClasspathSnapshot
instanceKlass org/gradle/api/internal/tasks/compile/incremental/jar/JarClasspathSnapshotData
instanceKlass org/gradle/api/internal/tasks/compile/incremental/jar/JarSnapshotData
instanceKlass org/gradle/api/internal/tasks/compile/incremental/jar/DefaultJarSnapshotCache$2
instanceKlass org/gradle/api/internal/tasks/compile/incremental/jar/JarSnapshot
instanceKlass org/gradle/api/internal/tasks/compile/incremental/jar/CachingJarSnapshotter$1
instanceKlass org/gradle/api/internal/file/archive/ZipFileTree
instanceKlass org/gradle/api/internal/file/collections/FileSystemMirroringFileTree
instanceKlass org/gradle/api/internal/tasks/compile/incremental/jar/JarArchive
instanceKlass org/gradle/cache/internal/DefaultMultiProcessSafePersistentIndexedCache$4
instanceKlass org/gradle/api/internal/tasks/compile/incremental/deps/DependencyToAll
instanceKlass org/gradle/api/internal/tasks/compile/incremental/deps/ClassSetAnalysisData
instanceKlass org/gradle/api/internal/cache/MinimalPersistentCache$2
instanceKlass org/gradle/api/internal/tasks/compile/incremental/analyzer/ClassRelevancyFilter
instanceKlass org/gradle/api/internal/tasks/compile/incremental/deps/DefaultDependentsSet
instanceKlass org/gradle/api/internal/tasks/compile/incremental/analyzer/ClassAnalysis
instanceKlass org/gradle/api/internal/cache/MinimalPersistentCache$1
instanceKlass org/gradle/api/internal/tasks/compile/incremental/analyzer/CachingClassDependenciesAnalyzer$1
instanceKlass org/gradle/api/internal/tasks/compile/incremental/deps/ClassDependentsAccumulator
instanceKlass org/gradle/api/internal/tasks/compile/incremental/analyzer/ClassFilesAnalyzer
instanceKlass org/gradle/api/internal/tasks/compile/incremental/RecompilationNotNecessary
instanceKlass org/gradle/api/internal/tasks/SimpleWorkResult
instanceKlass java/util/WeakHashMap$HashIterator
instanceKlass com/sun/tools/javac/util/AbstractDiagnosticFormatter$2
instanceKlass com/sun/tools/javac/util/RichDiagnosticFormatter$ClassNameSimplifier
instanceKlass com/sun/tools/javac/util/Log$2
instanceKlass com/sun/tools/javac/comp/Infer$InferenceContext$2
instanceKlass com/sun/tools/javac/comp/Check$2
instanceKlass com/sun/tools/javac/code/Type$UndetVar$UndetVarListener
instanceKlass com/sun/tools/javac/comp/Check$7
instanceKlass com/sun/tools/javac/code/Types$MembersClosureCache$MembersScope$1
instanceKlass com/sun/tools/javac/tree/TreeInfo$1
instanceKlass com/sun/tools/javac/jvm/ClassFile$NameAndType
instanceKlass com/sun/tools/javac/jvm/ClassWriter$1
instanceKlass javax/tools/StandardLocation$2
instanceKlass com/sun/tools/javac/jvm/ClassWriter$StackMapTableFrame
instanceKlass com/sun/tools/javac/jvm/Code$StackMapFrame
instanceKlass com/sun/tools/javac/jvm/Code$Chain
instanceKlass com/sun/tools/javac/model/FilteredMemberList$1
instanceKlass com/sun/tools/javac/code/Types$UniqueType
instanceKlass com/sun/tools/javac/jvm/Code$LocalVar$Range
instanceKlass com/sun/tools/javac/jvm/Items
instanceKlass com/sun/tools/javac/jvm/Code$LocalVar
instanceKlass com/sun/tools/javac/jvm/Code$State
instanceKlass com/sun/tools/javac/jvm/Code$1
instanceKlass com/sun/tools/javac/jvm/Code
instanceKlass com/sun/tools/javac/jvm/Gen$GenContext
instanceKlass com/sun/tools/javac/jvm/Gen$3
instanceKlass com/sun/tools/javac/comp/Lower$7
instanceKlass com/sun/tools/javac/tree/TreeMaker$1
instanceKlass com/sun/tools/javac/comp/Flow$2
instanceKlass com/sun/tools/javac/util/Bits$1
instanceKlass com/sun/tools/javac/util/Bits
instanceKlass com/sun/tools/javac/comp/Flow$BaseAnalyzer$PendingExit
instanceKlass com/sun/tools/javac/code/Types$TypePair
instanceKlass com/sun/tools/javac/comp/Resolve$MostSpecificCheck
instanceKlass com/sun/tools/javac/comp/Resolve$MethodCheckContext
instanceKlass com/sun/tools/javac/code/Flags
instanceKlass com/sun/tools/javac/comp/Resolve$MethodResolutionContext$Candidate
instanceKlass com/sun/tools/javac/comp/Resolve$LookupFilter
instanceKlass com/sun/tools/javac/comp/Resolve$5$1
instanceKlass com/sun/tools/javac/comp/Resolve$5
instanceKlass com/sun/tools/javac/comp/Resolve$MethodResolutionContext
instanceKlass com/sun/tools/javac/code/Scope$4$1
instanceKlass com/sun/tools/javac/code/Scope$4
instanceKlass com/sun/tools/javac/code/Scope$CompoundScope$CompoundScopeIterator
instanceKlass com/sun/tools/javac/code/Scope$CompoundScope$2
instanceKlass com/sun/tools/javac/comp/Check$ClashFilter
instanceKlass com/sun/tools/javac/code/Types$ImplementationCache$Entry
instanceKlass com/sun/tools/javac/main/JavaCompiler$2
instanceKlass com/sun/tools/javac/comp/Annotate$AnnotateRepeatedContext
instanceKlass com/sun/tools/javac/code/Types$27
instanceKlass com/sun/tools/javac/code/Symbol$VarSymbol$2
instanceKlass com/sun/tools/javac/comp/MemberEnter$6
instanceKlass com/sun/tools/javac/comp/MemberEnter$5
instanceKlass com/sun/tools/javac/code/SymbolMetadata
instanceKlass com/sun/tools/javac/util/Pair
instanceKlass com/sun/tools/javac/jvm/ClassReader$AnnotationDeproxy
instanceKlass com/sun/tools/javac/jvm/ClassReader$ProxyVisitor
instanceKlass com/sun/tools/javac/code/Scope$1
instanceKlass com/sun/tools/javac/comp/Attr$15
instanceKlass com/sun/tools/javac/jvm/ClassReader$25
instanceKlass com/sun/tools/javac/comp/AttrContext
instanceKlass com/sun/tools/javac/file/ZipFileIndex$Entry
instanceKlass com/sun/tools/javac/file/ZipFileIndex$DirectoryEntry
instanceKlass com/sun/tools/javac/file/ZipFileIndex$ZipDirectory
instanceKlass com/sun/tools/javac/file/ZipFileIndex
instanceKlass com/sun/tools/javac/file/ZipFileIndexArchive
instanceKlass com/sun/tools/javac/util/Position$LineMapImpl
instanceKlass com/sun/tools/javac/util/Position$LineMap
instanceKlass com/sun/tools/javac/util/Position
instanceKlass com/sun/tools/javac/tree/TreeInfo$2
instanceKlass com/sun/tools/javac/parser/JavacParser$2
instanceKlass com/sun/tools/javac/parser/JavaTokenizer$BasicComment
instanceKlass com/sun/tools/javac/parser/JavaTokenizer$1
instanceKlass com/sun/tools/javac/util/ArrayUtils
instanceKlass com/sun/tools/javac/parser/JavacParser$1
instanceKlass com/sun/tools/javac/parser/JavacParser$AbstractEndPosTable
instanceKlass com/sun/tools/javac/tree/DocCommentTable
instanceKlass com/sun/tools/javac/tree/EndPosTable
instanceKlass com/sun/tools/javac/parser/JavacParser$ErrorRecoveryAction
instanceKlass com/sun/tools/javac/parser/JavacParser
instanceKlass com/sun/tools/javac/parser/UnicodeReader
instanceKlass sun/misc/FloatingDecimal$HexFloatPattern
instanceKlass com/sun/tools/javac/parser/Tokens$Comment
instanceKlass com/sun/tools/javac/parser/Scanner
instanceKlass com/sun/source/tree/LineMap
instanceKlass com/sun/tools/javac/util/BaseFileManager$ContentCacheEntry
instanceKlass com/sun/tools/javac/util/DiagnosticSource
instanceKlass com/sun/tools/javac/processing/JavacProcessingEnvironment$DiscoveredProcessors$ProcessorStateIterator
instanceKlass com/sun/tools/javac/processing/JavacProcessingEnvironment$DiscoveredProcessors
instanceKlass com/sun/tools/javac/util/ServiceLoader$1
instanceKlass com/sun/tools/javac/util/ServiceLoader$LazyIterator
instanceKlass com/sun/tools/javac/util/ServiceLoader
instanceKlass javax/annotation/processing/Processor
instanceKlass com/sun/tools/javac/processing/JavacProcessingEnvironment$ServiceIterator
instanceKlass com/sun/tools/javac/model/JavacTypes
instanceKlass com/sun/tools/javac/model/JavacElements
instanceKlass com/sun/tools/javac/processing/JavacMessager
instanceKlass com/sun/tools/javac/processing/JavacFiler
instanceKlass javax/annotation/processing/Filer
instanceKlass javax/annotation/processing/Messager
instanceKlass javax/annotation/processing/RoundEnvironment
instanceKlass com/sun/tools/javac/processing/JavacProcessingEnvironment
instanceKlass com/sun/tools/javac/util/ForwardingDiagnosticFormatter$ForwardingConfiguration
instanceKlass com/sun/tools/javac/code/Types$DefaultSymbolVisitor
instanceKlass com/sun/tools/javac/util/ForwardingDiagnosticFormatter
instanceKlass com/sun/tools/javac/util/StringUtils
instanceKlass com/sun/tools/javac/util/ListBuffer$1
instanceKlass com/sun/tools/javac/file/Locations$1
instanceKlass com/sun/tools/javac/api/MultiTaskListener
instanceKlass com/sun/tools/javac/comp/TransTypes$1
instanceKlass com/sun/tools/javac/jvm/Pool
instanceKlass com/sun/tools/javac/comp/Lower$TreeBuilder
instanceKlass com/sun/tools/javac/jvm/Items$Item
instanceKlass com/sun/tools/javac/jvm/Gen$GenFinalizer
instanceKlass com/sun/tools/javac/parser/JavaTokenizer
instanceKlass com/sun/tools/javac/parser/ScannerFactory
instanceKlass com/sun/tools/javac/parser/Tokens$Token
instanceKlass com/sun/tools/javac/parser/Tokens
instanceKlass com/sun/tools/javac/tree/DocTreeMaker
instanceKlass com/sun/tools/javac/parser/Lexer
instanceKlass com/sun/tools/javac/parser/ParserFactory
instanceKlass com/sun/tools/javac/jvm/JNIWriter
instanceKlass com/sun/tools/javac/code/Types$SignatureGenerator
instanceKlass com/sun/tools/javac/jvm/ClassWriter$AttributeWriter
instanceKlass com/sun/tools/javac/util/ByteBuffer
instanceKlass com/sun/tools/javac/jvm/ClassFile
instanceKlass com/sun/tools/javac/jvm/ClassReader$AttributeReader
instanceKlass com/sun/tools/javac/util/MandatoryWarningHandler
instanceKlass com/sun/tools/javac/tree/TreeInfo
instanceKlass com/sun/tools/javac/comp/DeferredAttr$4
instanceKlass com/sun/tools/javac/comp/DeferredAttr$3
instanceKlass com/sun/tools/javac/comp/DeferredAttr$2
instanceKlass com/sun/tools/javac/comp/DeferredAttr$DeferredAttrContext
instanceKlass com/sun/tools/javac/comp/DeferredAttr$DeferredStuckPolicy
instanceKlass com/sun/tools/javac/comp/DeferredAttr$DeferredTypeCompleter
instanceKlass com/sun/tools/javac/comp/Infer$GraphStrategy
instanceKlass com/sun/tools/javac/comp/Infer$InferenceContext
instanceKlass javax/lang/model/element/TypeParameterElement
instanceKlass com/sun/tools/javac/comp/Infer
instanceKlass com/sun/tools/javac/code/DeferredLintHandler$1
instanceKlass com/sun/tools/javac/code/DeferredLintHandler
instanceKlass com/sun/tools/javac/code/TypeAnnotations
instanceKlass com/sun/tools/javac/comp/TypeEnvs
instanceKlass com/sun/tools/javac/comp/ConstFold
instanceKlass javax/lang/model/element/AnnotationMirror
instanceKlass com/sun/tools/javac/comp/Annotate
instanceKlass com/sun/tools/javac/tree/TreeMaker$AnnotationBuilder
instanceKlass com/sun/tools/javac/tree/TreeMaker
instanceKlass com/sun/tools/javac/tree/JCTree$Factory
instanceKlass com/sun/tools/javac/comp/Env
instanceKlass com/sun/tools/javac/comp/Flow
instanceKlass com/sun/source/util/SimpleTreeVisitor
instanceKlass com/sun/tools/javac/comp/Attr$14
instanceKlass javax/lang/model/type/UnionType
instanceKlass com/sun/tools/javac/comp/Check$NestedCheckContext
instanceKlass com/sun/source/tree/UnionTypeTree
instanceKlass com/sun/source/tree/ParameterizedTypeTree
instanceKlass com/sun/source/tree/ArrayTypeTree
instanceKlass com/sun/source/tree/PrimitiveTypeTree
instanceKlass com/sun/source/tree/MemberReferenceTree
instanceKlass com/sun/source/tree/ArrayAccessTree
instanceKlass com/sun/source/tree/InstanceOfTree
instanceKlass com/sun/source/tree/CompoundAssignmentTree
instanceKlass com/sun/source/tree/AssignmentTree
instanceKlass com/sun/source/tree/ParenthesizedTree
instanceKlass com/sun/source/tree/LambdaExpressionTree
instanceKlass com/sun/source/tree/MethodInvocationTree
instanceKlass com/sun/source/tree/ExpressionStatementTree
instanceKlass com/sun/source/tree/ConditionalExpressionTree
instanceKlass com/sun/source/tree/LabeledStatementTree
instanceKlass com/sun/source/tree/EnhancedForLoopTree
instanceKlass com/sun/source/tree/DoWhileLoopTree
instanceKlass com/sun/source/tree/EmptyStatementTree
instanceKlass com/sun/source/tree/VariableTree
instanceKlass com/sun/source/tree/SwitchTree
instanceKlass com/sun/source/tree/WhileLoopTree
instanceKlass com/sun/source/tree/ForLoopTree
instanceKlass com/sun/source/tree/IntersectionTypeTree
instanceKlass com/sun/source/tree/TypeParameterTree
instanceKlass com/sun/source/tree/SynchronizedTree
instanceKlass com/sun/source/tree/AnnotatedTypeTree
instanceKlass com/sun/source/tree/ErroneousTree
instanceKlass com/sun/source/tree/ModifiersTree
instanceKlass com/sun/source/tree/LiteralTree
instanceKlass com/sun/source/tree/TypeCastTree
instanceKlass com/sun/source/tree/BinaryTree
instanceKlass com/sun/source/tree/UnaryTree
instanceKlass com/sun/source/tree/NewArrayTree
instanceKlass com/sun/source/tree/AssertTree
instanceKlass com/sun/source/tree/ThrowTree
instanceKlass com/sun/source/tree/ReturnTree
instanceKlass com/sun/source/tree/ContinueTree
instanceKlass com/sun/source/tree/BreakTree
instanceKlass com/sun/source/tree/IfTree
instanceKlass com/sun/source/tree/CatchTree
instanceKlass com/sun/source/tree/TryTree
instanceKlass com/sun/source/tree/CaseTree
instanceKlass com/sun/source/tree/BlockTree
instanceKlass com/sun/source/tree/ImportTree
instanceKlass com/sun/source/tree/WildcardTree
instanceKlass com/sun/tools/javac/api/Formattable$LocalizedString
instanceKlass com/sun/tools/javac/api/Formattable
instanceKlass com/sun/tools/javac/comp/Resolve$7
instanceKlass com/sun/tools/javac/comp/Resolve$6
instanceKlass com/sun/tools/javac/comp/Attr$ResultInfo
instanceKlass com/sun/tools/javac/comp/Resolve$AbstractMethodCheck
instanceKlass com/sun/tools/javac/comp/Resolve$2
instanceKlass com/sun/tools/javac/comp/Resolve$LookupHelper
instanceKlass com/sun/tools/javac/comp/Resolve$LogResolveHelper
instanceKlass com/sun/tools/javac/comp/Resolve$MethodCheck
instanceKlass com/sun/tools/javac/comp/Resolve
instanceKlass com/sun/tools/javac/comp/Check$6
instanceKlass com/sun/tools/javac/comp/Check$1
instanceKlass com/sun/tools/javac/util/Warner
instanceKlass com/sun/source/tree/MethodTree
instanceKlass com/sun/source/tree/NewClassTree
instanceKlass com/sun/source/tree/AnnotationTree
instanceKlass com/sun/tools/javac/tree/JCTree$Visitor
instanceKlass com/sun/tools/javac/code/DeferredLintHandler$LintLogger
instanceKlass com/sun/tools/javac/comp/Infer$FreeTypeListener
instanceKlass com/sun/tools/javac/comp/Check$CheckContext
instanceKlass com/sun/tools/javac/comp/Check
instanceKlass com/sun/tools/javac/code/Types$ImplementationCache
instanceKlass com/sun/tools/javac/code/Types$3
instanceKlass com/sun/tools/javac/code/Types$DescriptorCache$FunctionDescriptor
instanceKlass com/sun/tools/javac/util/JCDiagnostic
instanceKlass com/sun/tools/javac/code/Types$DescriptorCache
instanceKlass com/sun/tools/javac/code/Scope$ScopeListener
instanceKlass javax/lang/model/type/IntersectionType
instanceKlass com/sun/tools/javac/code/Type$Mapping
instanceKlass com/sun/tools/javac/code/Types$DefaultTypeVisitor
instanceKlass com/sun/tools/javac/code/Types
instanceKlass com/sun/tools/javac/code/Symtab$2
instanceKlass com/sun/tools/javac/code/Symtab$1
instanceKlass com/sun/tools/javac/code/Symbol$MethodSymbol$2
instanceKlass com/sun/tools/javac/code/Scope$2
instanceKlass com/sun/tools/javac/code/Scope$Entry
instanceKlass com/sun/tools/javac/util/Filter
instanceKlass com/sun/tools/javac/util/Assert
instanceKlass java/lang/annotation/Repeatable
instanceKlass javax/lang/model/type/NullType
instanceKlass com/sun/tools/javac/code/Symtab
instanceKlass com/sun/tools/javac/jvm/ClassReader$1
instanceKlass com/sun/tools/javac/code/Attribute
instanceKlass javax/lang/model/element/AnnotationValue
instanceKlass com/sun/tools/javac/comp/Annotate$Worker
instanceKlass javax/lang/model/type/NoType
instanceKlass com/sun/tools/javac/code/Scope
instanceKlass javax/lang/model/type/ExecutableType
instanceKlass com/sun/tools/javac/code/Symbol$Completer
instanceKlass com/sun/tools/javac/jvm/ClassReader
instanceKlass com/sun/tools/javac/util/Convert
instanceKlass com/sun/tools/javac/util/Name
instanceKlass javax/lang/model/element/Name
instanceKlass com/sun/tools/javac/util/Name$Table
instanceKlass com/sun/tools/javac/util/Names
instanceKlass com/sun/tools/javac/main/JavaCompiler$1
instanceKlass com/sun/source/tree/ClassTree
instanceKlass com/sun/source/tree/StatementTree
instanceKlass com/sun/source/tree/MemberSelectTree
instanceKlass com/sun/source/tree/IdentifierTree
instanceKlass javax/lang/model/element/PackageElement
instanceKlass javax/lang/model/element/TypeElement
instanceKlass javax/lang/model/element/QualifiedNameable
instanceKlass com/sun/source/tree/CompilationUnitTree
instanceKlass com/sun/tools/javac/jvm/ClassReader$SourceCompleter
instanceKlass com/sun/tools/javac/main/JavaCompiler
instanceKlass com/sun/tools/javac/file/CacheFSInfo$1
instanceKlass com/sun/tools/javac/main/CommandLine
instanceKlass com/sun/tools/javac/parser/Parser
instanceKlass com/sun/tools/javac/api/JavacTaskImpl$Filter
instanceKlass javax/lang/model/util/Types
instanceKlass javax/lang/model/util/Elements
instanceKlass javax/annotation/processing/ProcessingEnvironment
instanceKlass com/sun/tools/javac/main/Main
instanceKlass com/sun/source/util/TreeScanner
instanceKlass com/sun/source/tree/TreeVisitor
instanceKlass com/sun/tools/doclint/DocLint
instanceKlass com/sun/source/util/Plugin
instanceKlass com/sun/source/util/TaskListener
instanceKlass com/sun/tools/javac/api/ClientCodeWrapper
instanceKlass com/sun/tools/javac/file/BaseFileObject
instanceKlass com/sun/tools/javac/file/ZipFileIndexCache
instanceKlass com/sun/tools/javac/file/FSInfo
instanceKlass com/sun/tools/javac/code/Lint$AugmentVisitor
instanceKlass com/sun/tools/javac/code/Attribute$Visitor
instanceKlass com/sun/tools/javac/util/Log$1
instanceKlass javax/tools/DiagnosticListener
instanceKlass com/sun/tools/javac/util/JCDiagnostic$Factory$1
instanceKlass com/sun/tools/javac/util/Options
instanceKlass javax/lang/model/element/ExecutableElement
instanceKlass javax/lang/model/element/Parameterizable
instanceKlass javax/lang/model/type/PrimitiveType
instanceKlass javax/lang/model/type/ArrayType
instanceKlass javax/lang/model/type/WildcardType
instanceKlass javax/lang/model/element/VariableElement
instanceKlass javax/lang/model/type/TypeVariable
instanceKlass javax/lang/model/type/ErrorType
instanceKlass javax/lang/model/type/DeclaredType
instanceKlass javax/lang/model/type/ReferenceType
instanceKlass javax/lang/model/type/TypeMirror
instanceKlass com/sun/tools/javac/code/AnnoConstruct
instanceKlass javax/lang/model/element/Element
instanceKlass javax/lang/model/AnnotatedConstruct
instanceKlass com/sun/tools/javac/util/AbstractDiagnosticFormatter$SimpleConfiguration
instanceKlass com/sun/tools/javac/api/DiagnosticFormatter$Configuration
instanceKlass com/sun/source/tree/ExpressionTree
instanceKlass com/sun/tools/javac/tree/JCTree
instanceKlass com/sun/source/tree/Tree
instanceKlass com/sun/tools/javac/code/Printer
instanceKlass com/sun/tools/javac/code/Symbol$Visitor
instanceKlass com/sun/tools/javac/code/Type$Visitor
instanceKlass com/sun/tools/javac/util/AbstractDiagnosticFormatter
instanceKlass com/sun/tools/javac/util/List$3
instanceKlass com/sun/tools/javac/util/List$2
instanceKlass com/sun/tools/javac/util/JavacMessages
instanceKlass com/sun/tools/javac/api/Messages
instanceKlass com/sun/tools/javac/util/JCDiagnostic$Factory
instanceKlass com/sun/tools/javac/file/Locations$LocationHandler
instanceKlass com/sun/tools/javac/file/Locations
instanceKlass com/sun/tools/javac/util/BaseFileManager$ByteBufferCache
instanceKlass com/sun/tools/javac/code/Lint
instanceKlass javax/tools/JavaFileManager$Location
instanceKlass com/sun/tools/javac/file/JavacFileManager$Archive
instanceKlass com/sun/tools/javac/file/RelativePath
instanceKlass javax/tools/JavaFileObject
instanceKlass javax/tools/FileObject
instanceKlass com/sun/tools/javac/util/BaseFileManager
instanceKlass com/sun/tools/javac/util/Context$Factory
instanceKlass javax/tools/Diagnostic
instanceKlass com/sun/tools/javac/api/DiagnosticFormatter
instanceKlass com/sun/tools/javac/util/Log$DiagnosticHandler
instanceKlass com/sun/tools/javac/util/JCDiagnostic$DiagnosticPosition
instanceKlass com/sun/tools/javac/util/AbstractLog
instanceKlass com/sun/tools/javac/util/Context$Key
instanceKlass com/sun/tools/javac/util/Context
instanceKlass com/sun/source/util/JavacTask
instanceKlass javax/tools/JavaCompiler$CompilationTask
instanceKlass javax/tools/StandardJavaFileManager
instanceKlass javax/tools/JavaFileManager
instanceKlass com/sun/tools/javac/main/OptionHelper
instanceKlass com/sun/tools/javac/api/JavacTool
instanceKlass org/gradle/internal/jvm/JdkTools
instanceKlass org/gradle/api/internal/tasks/compile/JavaCompilerArgumentsBuilder
instanceKlass org/gradle/internal/Transformers$ToStringTransformer
instanceKlass org/gradle/api/internal/tasks/compile/NormalizingJavaCompiler$1
instanceKlass org/gradle/api/internal/tasks/compile/incremental/IncrementalCompilationFinalizer
instanceKlass org/gradle/api/internal/tasks/compile/incremental/IncrementalCompilationInitializer
instanceKlass org/gradle/api/internal/tasks/compile/incremental/deps/LocalClassSetAnalysisStore
instanceKlass org/gradle/api/internal/cache/Loader
instanceKlass org/gradle/api/internal/tasks/compile/incremental/ClassSetAnalysisUpdater
instanceKlass org/gradle/api/internal/tasks/compile/incremental/RecompilationSpecProvider
instanceKlass org/gradle/api/internal/tasks/compile/incremental/SourceToNameConverter
instanceKlass org/gradle/api/internal/tasks/compile/incremental/IncrementalCompilerDecorator
instanceKlass org/gradle/api/internal/tasks/compile/incremental/CompilationSourceDirs
instanceKlass org/gradle/api/internal/tasks/compile/incremental/jar/ClasspathJarFinder
instanceKlass org/gradle/api/internal/tasks/compile/incremental/jar/JarClasspathSnapshotFactory
instanceKlass org/gradle/api/internal/tasks/compile/incremental/jar/JarClasspathSnapshotDataSerializer
instanceKlass org/gradle/api/internal/cache/SingleOperationPersistentStore
instanceKlass org/gradle/api/internal/tasks/compile/incremental/jar/LocalJarClasspathSnapshotStore
instanceKlass org/gradle/api/internal/tasks/compile/incremental/jar/JarClasspathSnapshotMaker
instanceKlass org/gradle/api/internal/tasks/compile/incremental/jar/JarClasspathSnapshotWriter
instanceKlass org/gradle/api/internal/tasks/compile/incremental/jar/JarClasspathSnapshotProvider
instanceKlass org/gradle/api/internal/tasks/compile/incremental/jar/DefaultJarSnapshotter
instanceKlass org/gradle/api/internal/tasks/compile/incremental/jar/CachingJarSnapshotter
instanceKlass org/gradle/api/internal/tasks/compile/incremental/analyzer/DefaultClassDependenciesAnalyzer
instanceKlass org/gradle/api/internal/tasks/compile/incremental/analyzer/CachingClassDependenciesAnalyzer
instanceKlass org/gradle/language/base/internal/tasks/StaleClassCleaner
instanceKlass org/gradle/language/base/internal/compile/CompilerUtil
instanceKlass org/gradle/api/internal/tasks/compile/NormalizingJavaCompiler
instanceKlass org/gradle/api/internal/tasks/compile/JdkJavaCompiler
instanceKlass org/gradle/api/internal/tasks/DefaultJavaToolChain$JavaToolProvider
instanceKlass org/gradle/jvm/platform/internal/DefaultJavaPlatform
instanceKlass org/gradle/api/internal/cache/Stash
instanceKlass org/gradle/api/internal/tasks/compile/incremental/jar/JarSnapshotter
instanceKlass org/gradle/api/internal/tasks/compile/incremental/analyzer/ClassDependenciesAnalyzer
instanceKlass org/gradle/api/internal/tasks/compile/incremental/IncrementalCompilerFactory
instanceKlass org/gradle/api/tasks/compile/JavaCompile$1
instanceKlass org/gradle/api/internal/tasks/compile/incremental/cache/DefaultGeneralCompileCaches
instanceKlass org/gradle/api/internal/tasks/compile/incremental/deps/DependentsSet
instanceKlass org/gradle/api/internal/tasks/compile/incremental/deps/ClassSetAnalysisData$Serializer$DependentsSetSerializer
instanceKlass org/gradle/api/internal/tasks/compile/incremental/deps/ClassSetAnalysisData$Serializer
instanceKlass org/gradle/api/internal/tasks/compile/incremental/jar/JarSnapshotDataSerializer
instanceKlass org/gradle/api/internal/tasks/compile/incremental/jar/DefaultJarSnapshotCache
instanceKlass org/apache/commons/lang/WordUtils
instanceKlass org/gradle/api/internal/tasks/compile/incremental/analyzer/ClassAnalysisSerializer
instanceKlass org/gradle/api/internal/cache/MinimalPersistentCache
instanceKlass org/gradle/api/internal/tasks/compile/ForkingJavaCompileSpec
instanceKlass org/gradle/api/internal/tasks/compile/CommandLineJavaCompileSpec
instanceKlass org/gradle/api/internal/tasks/compile/AbstractJavaCompileSpecFactory
instanceKlass com/google/common/collect/StandardTable$Row$RowEntrySet$1
instanceKlass com/google/common/collect/StandardTable$RowMap$EntrySet$1
instanceKlass com/google/common/collect/Tables$AbstractCell
instanceKlass com/google/common/collect/Tables$1
instanceKlass com/google/common/collect/RowSortedTable
instanceKlass com/google/common/collect/Table$Cell
instanceKlass com/google/common/collect/Tables
instanceKlass com/google/common/collect/StandardTable$CellIterator
instanceKlass com/android/builder/internal/SymbolWriter
instanceKlass com/android/builder/internal/SymbolLoader$SymbolEntry
instanceKlass com/google/common/io/Files$1
instanceKlass com/android/builder/internal/SymbolLoader
instanceKlass com/sun/org/apache/xml/internal/utils/XMLString
instanceKlass com/sun/org/apache/xalan/internal/utils/FactoryImpl
instanceKlass com/android/build/gradle/internal/process/GradleProcessResult
instanceKlass com/google/common/io/CharStreams
instanceKlass com/android/ide/common/process/TeeProcessOutputHandler$TeeProcessOutput$$Lambda$180
instanceKlass org/gradle/process/internal/DefaultExecHandle$ExecResultImpl
instanceKlass com/android/ide/common/process/TeeProcessOutputHandler$TeeProcessOutput$1$$Lambda$178
instanceKlass org/gradle/process/internal/shutdown/ShutdownHookActionRegister$GradleShutdownHook
instanceKlass org/gradle/process/internal/shutdown/ShutdownHookActionRegister
instanceKlass org/gradle/process/internal/streams/ExecOutputHandleRunner
instanceKlass org/gradle/util/DisconnectableInputStream$1
instanceKlass org/gradle/util/DisconnectableInputStream$ThreadExecuter
instanceKlass net/rubygrapefruit/platform/internal/jni/WindowsHandleFunctions
instanceKlass org/gradle/process/internal/ProcessBuilderFactory
instanceKlass org/gradle/process/internal/ExecHandleRunner
instanceKlass org/gradle/process/internal/ExecHandleShutdownHookAction
